[2025-10-29T16:33:40.162+0000] {taskinstance.py:1956} INFO - Dependencies all met for dep_context=non-requeueable deps ti=<TaskInstance: dag2_kafka_elastic_gcs.PutElasticSearch manual__2025-10-29T16:33:35+00:00 [queued]>
[2025-10-29T16:33:40.172+0000] {taskinstance.py:1956} INFO - Dependencies all met for dep_context=requeueable deps ti=<TaskInstance: dag2_kafka_elastic_gcs.PutElasticSearch manual__2025-10-29T16:33:35+00:00 [queued]>
[2025-10-29T16:33:40.172+0000] {taskinstance.py:2170} INFO - Starting attempt 1 of 1
[2025-10-29T16:33:40.186+0000] {taskinstance.py:2191} INFO - Executing <Task(_PythonDecoratedOperator): PutElasticSearch> on 2025-10-29 16:33:35+00:00
[2025-10-29T16:33:40.196+0000] {standard_task_runner.py:60} INFO - Started process 1086 to run task
[2025-10-29T16:33:40.201+0000] {standard_task_runner.py:87} INFO - Running: ['***', 'tasks', 'run', 'dag2_kafka_elastic_gcs', 'PutElasticSearch', 'manual__2025-10-29T16:33:35+00:00', '--job-id', '458', '--raw', '--subdir', 'DAGS_FOLDER/dag2_elastic_gcs_ingestion.py', '--cfg-path', '/tmp/tmp5w_zubpb']
[2025-10-29T16:33:40.205+0000] {standard_task_runner.py:88} INFO - Job 458: Subtask PutElasticSearch
[2025-10-29T16:33:40.256+0000] {task_command.py:423} INFO - Running <TaskInstance: dag2_kafka_elastic_gcs.PutElasticSearch manual__2025-10-29T16:33:35+00:00 [running]> on host 46f6cfd4d166
[2025-10-29T16:33:40.357+0000] {taskinstance.py:2480} INFO - Exporting env vars: AIRFLOW_CTX_DAG_OWNER='***' AIRFLOW_CTX_DAG_ID='dag2_kafka_elastic_gcs' AIRFLOW_CTX_TASK_ID='PutElasticSearch' AIRFLOW_CTX_EXECUTION_DATE='2025-10-29T16:33:35+00:00' AIRFLOW_CTX_TRY_NUMBER='1' AIRFLOW_CTX_DAG_RUN_ID='manual__2025-10-29T16:33:35+00:00'
[2025-10-29T16:33:40.360+0000] {warnings.py:109} WARNING - /home/***/.local/lib/python3.8/site-packages/***/operators/python.py:216: AirflowProviderDeprecationWarning: This class is deprecated.
            Please use `***.providers.elasticsearch.hooks.elasticsearch.ElasticsearchSQLHook`.
  return self.python_callable(*self.op_args, **self.op_kwargs)

[2025-10-29T16:33:40.361+0000] {crypto.py:82} WARNING - empty cryptography key - values will not be stored encrypted.
[2025-10-29T16:33:40.362+0000] {base.py:83} INFO - Using connection ID 'elasticsearch_default' for task execution.
[2025-10-29T16:33:40.687+0000] {_transport.py:335} INFO - HEAD http://clustersdaelatsic.eastus.cloudapp.azure.com:9200/taxi_rides [status:200 duration:0.322s]
[2025-10-29T16:33:40.811+0000] {_transport.py:335} INFO - POST http://clustersdaelatsic.eastus.cloudapp.azure.com:9200/taxi_rides/_doc [status:201 duration:0.122s]
[2025-10-29T16:33:40.811+0000] {dag2_elastic_gcs_ingestion.py:117} INFO - 📤 Donnée indexée dans 'taxi_rides': {'confort': 'standard', 'prix_base_per_km': 2, 'client_nom': 'FALL', 'driver_nom': 'DIOP', 'distance_km': 947.63, 'travel_cost': 1895.27, 'agent_timestamp': '2025-10-29T16:33:39.156809', 'client_location': {'lat': 48.88788877295766, 'lon': 2.375471605202055}, 'driver_location': {'lat': 40.41673791351537, 'lon': 3.6905723948788944}}
[2025-10-29T16:33:40.812+0000] {python.py:201} INFO - Done. Returned value was: None
[2025-10-29T16:33:40.822+0000] {taskinstance.py:1138} INFO - Marking task as SUCCESS. dag_id=dag2_kafka_elastic_gcs, task_id=PutElasticSearch, execution_date=20251029T163335, start_date=20251029T163340, end_date=20251029T163340
[2025-10-29T16:33:40.858+0000] {local_task_job_runner.py:234} INFO - Task exited with return code 0
[2025-10-29T16:33:40.879+0000] {taskinstance.py:3280} INFO - 0 downstream tasks scheduled from follow-on schedule check
