[2025-10-29T20:01:04.889+0000] {taskinstance.py:1956} INFO - Dependencies all met for dep_context=non-requeueable deps ti=<TaskInstance: dag2_kafka_elastic_gcs.PutElasticSearch scheduled__2025-10-29T20:00:00+00:00 [queued]>
[2025-10-29T20:01:04.901+0000] {taskinstance.py:1956} INFO - Dependencies all met for dep_context=requeueable deps ti=<TaskInstance: dag2_kafka_elastic_gcs.PutElasticSearch scheduled__2025-10-29T20:00:00+00:00 [queued]>
[2025-10-29T20:01:04.902+0000] {taskinstance.py:2170} INFO - Starting attempt 1 of 1
[2025-10-29T20:01:04.916+0000] {taskinstance.py:2191} INFO - Executing <Task(_PythonDecoratedOperator): PutElasticSearch> on 2025-10-29 20:00:00+00:00
[2025-10-29T20:01:04.925+0000] {standard_task_runner.py:60} INFO - Started process 3046 to run task
[2025-10-29T20:01:04.929+0000] {standard_task_runner.py:87} INFO - Running: ['***', 'tasks', 'run', 'dag2_kafka_elastic_gcs', 'PutElasticSearch', 'scheduled__2025-10-29T20:00:00+00:00', '--job-id', '1314', '--raw', '--subdir', 'DAGS_FOLDER/dag2_elastic_gcs_ingestion.py', '--cfg-path', '/tmp/tmpjxzr_ux7']
[2025-10-29T20:01:04.933+0000] {standard_task_runner.py:88} INFO - Job 1314: Subtask PutElasticSearch
[2025-10-29T20:01:05.005+0000] {task_command.py:423} INFO - Running <TaskInstance: dag2_kafka_elastic_gcs.PutElasticSearch scheduled__2025-10-29T20:00:00+00:00 [running]> on host 46f6cfd4d166
[2025-10-29T20:01:05.110+0000] {taskinstance.py:2480} INFO - Exporting env vars: AIRFLOW_CTX_DAG_OWNER='***' AIRFLOW_CTX_DAG_ID='dag2_kafka_elastic_gcs' AIRFLOW_CTX_TASK_ID='PutElasticSearch' AIRFLOW_CTX_EXECUTION_DATE='2025-10-29T20:00:00+00:00' AIRFLOW_CTX_TRY_NUMBER='1' AIRFLOW_CTX_DAG_RUN_ID='scheduled__2025-10-29T20:00:00+00:00'
[2025-10-29T20:01:05.113+0000] {warnings.py:109} WARNING - /home/***/.local/lib/python3.8/site-packages/***/operators/python.py:216: AirflowProviderDeprecationWarning: This class is deprecated.
            Please use `***.providers.elasticsearch.hooks.elasticsearch.ElasticsearchSQLHook`.
  return self.python_callable(*self.op_args, **self.op_kwargs)

[2025-10-29T20:01:05.115+0000] {crypto.py:82} WARNING - empty cryptography key - values will not be stored encrypted.
[2025-10-29T20:01:05.118+0000] {base.py:83} INFO - Using connection ID 'elasticsearch_default' for task execution.
[2025-10-29T20:01:05.419+0000] {_transport.py:335} INFO - HEAD http://clustersdaelatsic.eastus.cloudapp.azure.com:9200/taxi_rides [status:200 duration:0.294s]
[2025-10-29T20:01:05.548+0000] {_transport.py:335} INFO - POST http://clustersdaelatsic.eastus.cloudapp.azure.com:9200/taxi_rides/_doc [status:201 duration:0.127s]
[2025-10-29T20:01:05.549+0000] {dag2_elastic_gcs_ingestion.py:136} INFO - 📤 Donnée indexée dans 'taxi_rides': {'confort': 'standard', 'prix_base_per_km': 2, 'client_nom': 'FALL', 'driver_nom': 'DIOP', 'distance_km': 947.63, 'travel_cost': 1895.27, 'agent_timestamp': '2025-10-29T20:01:03.713456', 'client_location': {'lat': 48.88788877295766, 'lon': 2.375471605202055}, 'driver_location': {'lat': 40.41673791351537, 'lon': 3.6905723948788944}}
[2025-10-29T20:01:05.550+0000] {python.py:201} INFO - Done. Returned value was: None
[2025-10-29T20:01:05.563+0000] {taskinstance.py:1138} INFO - Marking task as SUCCESS. dag_id=dag2_kafka_elastic_gcs, task_id=PutElasticSearch, execution_date=20251029T200000, start_date=20251029T200104, end_date=20251029T200105
[2025-10-29T20:01:05.626+0000] {local_task_job_runner.py:234} INFO - Task exited with return code 0
[2025-10-29T20:01:05.647+0000] {taskinstance.py:3280} INFO - 0 downstream tasks scheduled from follow-on schedule check
