[2025-10-28T23:21:26.255+0000] {processor.py:161} INFO - Started process (PID=164) to work on /opt/airflow/dags/dag2_elastic_gcs_ingestion.py
[2025-10-28T23:21:26.261+0000] {processor.py:830} INFO - Processing file /opt/airflow/dags/dag2_elastic_gcs_ingestion.py for tasks to queue
[2025-10-28T23:21:26.267+0000] {logging_mixin.py:188} INFO - [2025-10-28T23:21:26.266+0000] {dagbag.py:538} INFO - Filling up the DagBag from /opt/airflow/dags/dag2_elastic_gcs_ingestion.py
[2025-10-28T23:21:26.851+0000] {processor.py:840} INFO - DAG(s) 'dag2_elastic_gcs_ingestion' retrieved from /opt/airflow/dags/dag2_elastic_gcs_ingestion.py
[2025-10-28T23:21:27.221+0000] {logging_mixin.py:188} INFO - [2025-10-28T23:21:27.220+0000] {override.py:1769} INFO - Created Permission View: can edit on DAG:dag2_elastic_gcs_ingestion
[2025-10-28T23:21:27.236+0000] {logging_mixin.py:188} INFO - [2025-10-28T23:21:27.236+0000] {override.py:1769} INFO - Created Permission View: can delete on DAG:dag2_elastic_gcs_ingestion
[2025-10-28T23:21:27.252+0000] {logging_mixin.py:188} INFO - [2025-10-28T23:21:27.251+0000] {override.py:1769} INFO - Created Permission View: can read on DAG:dag2_elastic_gcs_ingestion
[2025-10-28T23:21:27.256+0000] {logging_mixin.py:188} INFO - [2025-10-28T23:21:27.255+0000] {dag.py:3036} INFO - Sync 1 DAGs
[2025-10-28T23:21:27.484+0000] {logging_mixin.py:188} INFO - [2025-10-28T23:21:27.484+0000] {dag.py:3058} INFO - Creating ORM DAG for dag2_elastic_gcs_ingestion
[2025-10-28T23:21:27.503+0000] {logging_mixin.py:188} INFO - [2025-10-28T23:21:27.503+0000] {dag.py:3823} INFO - Setting next_dagrun for dag2_elastic_gcs_ingestion to 2025-10-28 23:20:00+00:00, run_after=2025-10-28 23:21:00+00:00
[2025-10-28T23:21:27.543+0000] {processor.py:183} INFO - Processing /opt/airflow/dags/dag2_elastic_gcs_ingestion.py took 1.340 seconds
[2025-10-28T23:21:57.948+0000] {processor.py:161} INFO - Started process (PID=178) to work on /opt/airflow/dags/dag2_elastic_gcs_ingestion.py
[2025-10-28T23:21:57.950+0000] {processor.py:830} INFO - Processing file /opt/airflow/dags/dag2_elastic_gcs_ingestion.py for tasks to queue
[2025-10-28T23:21:57.951+0000] {logging_mixin.py:188} INFO - [2025-10-28T23:21:57.950+0000] {dagbag.py:538} INFO - Filling up the DagBag from /opt/airflow/dags/dag2_elastic_gcs_ingestion.py
[2025-10-28T23:21:58.127+0000] {processor.py:840} INFO - DAG(s) 'dag2_elastic_gcs_ingestion' retrieved from /opt/airflow/dags/dag2_elastic_gcs_ingestion.py
[2025-10-28T23:21:58.193+0000] {logging_mixin.py:188} INFO - [2025-10-28T23:21:58.193+0000] {dag.py:3036} INFO - Sync 1 DAGs
[2025-10-28T23:21:58.217+0000] {logging_mixin.py:188} INFO - [2025-10-28T23:21:58.217+0000] {dag.py:3823} INFO - Setting next_dagrun for dag2_elastic_gcs_ingestion to 2025-10-28 23:20:00+00:00, run_after=2025-10-28 23:21:00+00:00
[2025-10-28T23:21:58.248+0000] {processor.py:183} INFO - Processing /opt/airflow/dags/dag2_elastic_gcs_ingestion.py took 0.333 seconds
[2025-10-28T23:22:28.319+0000] {processor.py:161} INFO - Started process (PID=187) to work on /opt/airflow/dags/dag2_elastic_gcs_ingestion.py
[2025-10-28T23:22:28.321+0000] {processor.py:830} INFO - Processing file /opt/airflow/dags/dag2_elastic_gcs_ingestion.py for tasks to queue
[2025-10-28T23:22:28.322+0000] {logging_mixin.py:188} INFO - [2025-10-28T23:22:28.322+0000] {dagbag.py:538} INFO - Filling up the DagBag from /opt/airflow/dags/dag2_elastic_gcs_ingestion.py
[2025-10-28T23:22:28.456+0000] {processor.py:840} INFO - DAG(s) 'dag2_elastic_gcs_ingestion' retrieved from /opt/airflow/dags/dag2_elastic_gcs_ingestion.py
[2025-10-28T23:22:28.496+0000] {logging_mixin.py:188} INFO - [2025-10-28T23:22:28.496+0000] {dag.py:3036} INFO - Sync 1 DAGs
[2025-10-28T23:22:28.526+0000] {logging_mixin.py:188} INFO - [2025-10-28T23:22:28.526+0000] {dag.py:3823} INFO - Setting next_dagrun for dag2_elastic_gcs_ingestion to 2025-10-28 23:21:00+00:00, run_after=2025-10-28 23:22:00+00:00
[2025-10-28T23:22:28.572+0000] {processor.py:183} INFO - Processing /opt/airflow/dags/dag2_elastic_gcs_ingestion.py took 0.258 seconds
[2025-10-28T23:22:58.909+0000] {processor.py:161} INFO - Started process (PID=197) to work on /opt/airflow/dags/dag2_elastic_gcs_ingestion.py
[2025-10-28T23:22:58.911+0000] {processor.py:830} INFO - Processing file /opt/airflow/dags/dag2_elastic_gcs_ingestion.py for tasks to queue
[2025-10-28T23:22:58.912+0000] {logging_mixin.py:188} INFO - [2025-10-28T23:22:58.912+0000] {dagbag.py:538} INFO - Filling up the DagBag from /opt/airflow/dags/dag2_elastic_gcs_ingestion.py
[2025-10-28T23:22:59.049+0000] {processor.py:840} INFO - DAG(s) 'dag2_elastic_gcs_ingestion' retrieved from /opt/airflow/dags/dag2_elastic_gcs_ingestion.py
[2025-10-28T23:22:59.085+0000] {logging_mixin.py:188} INFO - [2025-10-28T23:22:59.085+0000] {dag.py:3036} INFO - Sync 1 DAGs
[2025-10-28T23:22:59.121+0000] {logging_mixin.py:188} INFO - [2025-10-28T23:22:59.121+0000] {dag.py:3823} INFO - Setting next_dagrun for dag2_elastic_gcs_ingestion to 2025-10-28 23:21:00+00:00, run_after=2025-10-28 23:22:00+00:00
[2025-10-28T23:22:59.152+0000] {processor.py:183} INFO - Processing /opt/airflow/dags/dag2_elastic_gcs_ingestion.py took 0.247 seconds
[2025-10-28T23:23:29.452+0000] {processor.py:161} INFO - Started process (PID=209) to work on /opt/airflow/dags/dag2_elastic_gcs_ingestion.py
[2025-10-28T23:23:29.454+0000] {processor.py:830} INFO - Processing file /opt/airflow/dags/dag2_elastic_gcs_ingestion.py for tasks to queue
[2025-10-28T23:23:29.455+0000] {logging_mixin.py:188} INFO - [2025-10-28T23:23:29.455+0000] {dagbag.py:538} INFO - Filling up the DagBag from /opt/airflow/dags/dag2_elastic_gcs_ingestion.py
[2025-10-28T23:23:29.582+0000] {processor.py:840} INFO - DAG(s) 'dag2_elastic_gcs_ingestion' retrieved from /opt/airflow/dags/dag2_elastic_gcs_ingestion.py
[2025-10-28T23:23:29.630+0000] {logging_mixin.py:188} INFO - [2025-10-28T23:23:29.630+0000] {dag.py:3036} INFO - Sync 1 DAGs
[2025-10-28T23:23:29.676+0000] {logging_mixin.py:188} INFO - [2025-10-28T23:23:29.676+0000] {dag.py:3823} INFO - Setting next_dagrun for dag2_elastic_gcs_ingestion to 2025-10-28 23:22:00+00:00, run_after=2025-10-28 23:23:00+00:00
[2025-10-28T23:23:29.707+0000] {processor.py:183} INFO - Processing /opt/airflow/dags/dag2_elastic_gcs_ingestion.py took 0.258 seconds
[2025-10-28T23:23:59.992+0000] {processor.py:161} INFO - Started process (PID=219) to work on /opt/airflow/dags/dag2_elastic_gcs_ingestion.py
[2025-10-28T23:23:59.994+0000] {processor.py:830} INFO - Processing file /opt/airflow/dags/dag2_elastic_gcs_ingestion.py for tasks to queue
[2025-10-28T23:23:59.996+0000] {logging_mixin.py:188} INFO - [2025-10-28T23:23:59.995+0000] {dagbag.py:538} INFO - Filling up the DagBag from /opt/airflow/dags/dag2_elastic_gcs_ingestion.py
[2025-10-28T23:24:00.148+0000] {processor.py:840} INFO - DAG(s) 'dag2_elastic_gcs_ingestion' retrieved from /opt/airflow/dags/dag2_elastic_gcs_ingestion.py
[2025-10-28T23:24:00.197+0000] {logging_mixin.py:188} INFO - [2025-10-28T23:24:00.197+0000] {dag.py:3036} INFO - Sync 1 DAGs
[2025-10-28T23:24:00.229+0000] {logging_mixin.py:188} INFO - [2025-10-28T23:24:00.229+0000] {dag.py:3823} INFO - Setting next_dagrun for dag2_elastic_gcs_ingestion to 2025-10-28 23:23:00+00:00, run_after=2025-10-28 23:24:00+00:00
[2025-10-28T23:24:00.261+0000] {processor.py:183} INFO - Processing /opt/airflow/dags/dag2_elastic_gcs_ingestion.py took 0.275 seconds
[2025-10-28T23:24:30.536+0000] {processor.py:161} INFO - Started process (PID=231) to work on /opt/airflow/dags/dag2_elastic_gcs_ingestion.py
[2025-10-28T23:24:30.537+0000] {processor.py:830} INFO - Processing file /opt/airflow/dags/dag2_elastic_gcs_ingestion.py for tasks to queue
[2025-10-28T23:24:30.538+0000] {logging_mixin.py:188} INFO - [2025-10-28T23:24:30.538+0000] {dagbag.py:538} INFO - Filling up the DagBag from /opt/airflow/dags/dag2_elastic_gcs_ingestion.py
[2025-10-28T23:24:30.664+0000] {processor.py:840} INFO - DAG(s) 'dag2_elastic_gcs_ingestion' retrieved from /opt/airflow/dags/dag2_elastic_gcs_ingestion.py
[2025-10-28T23:24:30.706+0000] {logging_mixin.py:188} INFO - [2025-10-28T23:24:30.705+0000] {dag.py:3036} INFO - Sync 1 DAGs
[2025-10-28T23:24:30.731+0000] {logging_mixin.py:188} INFO - [2025-10-28T23:24:30.731+0000] {dag.py:3823} INFO - Setting next_dagrun for dag2_elastic_gcs_ingestion to 2025-10-28 23:23:00+00:00, run_after=2025-10-28 23:24:00+00:00
[2025-10-28T23:24:30.760+0000] {processor.py:183} INFO - Processing /opt/airflow/dags/dag2_elastic_gcs_ingestion.py took 0.227 seconds
[2025-10-28T23:25:01.068+0000] {processor.py:161} INFO - Started process (PID=243) to work on /opt/airflow/dags/dag2_elastic_gcs_ingestion.py
[2025-10-28T23:25:01.073+0000] {processor.py:830} INFO - Processing file /opt/airflow/dags/dag2_elastic_gcs_ingestion.py for tasks to queue
[2025-10-28T23:25:01.076+0000] {logging_mixin.py:188} INFO - [2025-10-28T23:25:01.076+0000] {dagbag.py:538} INFO - Filling up the DagBag from /opt/airflow/dags/dag2_elastic_gcs_ingestion.py
[2025-10-28T23:25:01.375+0000] {processor.py:840} INFO - DAG(s) 'dag2_elastic_gcs_ingestion' retrieved from /opt/airflow/dags/dag2_elastic_gcs_ingestion.py
[2025-10-28T23:25:01.463+0000] {logging_mixin.py:188} INFO - [2025-10-28T23:25:01.463+0000] {dag.py:3036} INFO - Sync 1 DAGs
[2025-10-28T23:25:01.511+0000] {logging_mixin.py:188} INFO - [2025-10-28T23:25:01.510+0000] {dag.py:3823} INFO - Setting next_dagrun for dag2_elastic_gcs_ingestion to 2025-10-28 23:24:00+00:00, run_after=2025-10-28 23:25:00+00:00
[2025-10-28T23:25:01.542+0000] {processor.py:183} INFO - Processing /opt/airflow/dags/dag2_elastic_gcs_ingestion.py took 0.488 seconds
[2025-10-28T23:25:31.843+0000] {processor.py:161} INFO - Started process (PID=253) to work on /opt/airflow/dags/dag2_elastic_gcs_ingestion.py
[2025-10-28T23:25:31.846+0000] {processor.py:830} INFO - Processing file /opt/airflow/dags/dag2_elastic_gcs_ingestion.py for tasks to queue
[2025-10-28T23:25:31.847+0000] {logging_mixin.py:188} INFO - [2025-10-28T23:25:31.847+0000] {dagbag.py:538} INFO - Filling up the DagBag from /opt/airflow/dags/dag2_elastic_gcs_ingestion.py
[2025-10-28T23:25:31.966+0000] {processor.py:840} INFO - DAG(s) 'dag2_elastic_gcs_ingestion' retrieved from /opt/airflow/dags/dag2_elastic_gcs_ingestion.py
[2025-10-28T23:25:32.002+0000] {logging_mixin.py:188} INFO - [2025-10-28T23:25:32.002+0000] {dag.py:3036} INFO - Sync 1 DAGs
[2025-10-28T23:25:32.023+0000] {logging_mixin.py:188} INFO - [2025-10-28T23:25:32.022+0000] {dag.py:3823} INFO - Setting next_dagrun for dag2_elastic_gcs_ingestion to 2025-10-28 23:24:00+00:00, run_after=2025-10-28 23:25:00+00:00
[2025-10-28T23:25:32.052+0000] {processor.py:183} INFO - Processing /opt/airflow/dags/dag2_elastic_gcs_ingestion.py took 0.214 seconds
[2025-10-28T23:26:02.308+0000] {processor.py:161} INFO - Started process (PID=271) to work on /opt/airflow/dags/dag2_elastic_gcs_ingestion.py
[2025-10-28T23:26:02.309+0000] {processor.py:830} INFO - Processing file /opt/airflow/dags/dag2_elastic_gcs_ingestion.py for tasks to queue
[2025-10-28T23:26:02.314+0000] {logging_mixin.py:188} INFO - [2025-10-28T23:26:02.313+0000] {dagbag.py:538} INFO - Filling up the DagBag from /opt/airflow/dags/dag2_elastic_gcs_ingestion.py
[2025-10-28T23:26:02.652+0000] {processor.py:840} INFO - DAG(s) 'dag2_elastic_gcs_ingestion' retrieved from /opt/airflow/dags/dag2_elastic_gcs_ingestion.py
[2025-10-28T23:26:02.759+0000] {logging_mixin.py:188} INFO - [2025-10-28T23:26:02.758+0000] {dag.py:3036} INFO - Sync 1 DAGs
[2025-10-28T23:26:02.828+0000] {logging_mixin.py:188} INFO - [2025-10-28T23:26:02.828+0000] {dag.py:3823} INFO - Setting next_dagrun for dag2_elastic_gcs_ingestion to 2025-10-28 23:26:00+00:00, run_after=2025-10-28 23:27:00+00:00
[2025-10-28T23:26:03.128+0000] {processor.py:183} INFO - Processing /opt/airflow/dags/dag2_elastic_gcs_ingestion.py took 0.825 seconds
[2025-10-28T23:29:46.284+0000] {processor.py:161} INFO - Started process (PID=163) to work on /opt/airflow/dags/dag2_elastic_gcs_ingestion.py
[2025-10-28T23:29:46.286+0000] {processor.py:830} INFO - Processing file /opt/airflow/dags/dag2_elastic_gcs_ingestion.py for tasks to queue
[2025-10-28T23:29:46.287+0000] {logging_mixin.py:188} INFO - [2025-10-28T23:29:46.287+0000] {dagbag.py:538} INFO - Filling up the DagBag from /opt/airflow/dags/dag2_elastic_gcs_ingestion.py
[2025-10-28T23:29:46.718+0000] {processor.py:840} INFO - DAG(s) 'dag2_elastic_gcs_ingestion' retrieved from /opt/airflow/dags/dag2_elastic_gcs_ingestion.py
[2025-10-28T23:29:47.149+0000] {logging_mixin.py:188} INFO - [2025-10-28T23:29:47.149+0000] {override.py:1769} INFO - Created Permission View: can delete on DAG:dag2_elastic_gcs_ingestion
[2025-10-28T23:29:47.165+0000] {logging_mixin.py:188} INFO - [2025-10-28T23:29:47.165+0000] {override.py:1769} INFO - Created Permission View: can edit on DAG:dag2_elastic_gcs_ingestion
[2025-10-28T23:29:47.183+0000] {logging_mixin.py:188} INFO - [2025-10-28T23:29:47.182+0000] {override.py:1769} INFO - Created Permission View: can read on DAG:dag2_elastic_gcs_ingestion
[2025-10-28T23:29:47.184+0000] {logging_mixin.py:188} INFO - [2025-10-28T23:29:47.184+0000] {dag.py:3036} INFO - Sync 1 DAGs
[2025-10-28T23:29:47.444+0000] {logging_mixin.py:188} INFO - [2025-10-28T23:29:47.443+0000] {dag.py:3058} INFO - Creating ORM DAG for dag2_elastic_gcs_ingestion
[2025-10-28T23:29:47.468+0000] {logging_mixin.py:188} INFO - [2025-10-28T23:29:47.468+0000] {dag.py:3823} INFO - Setting next_dagrun for dag2_elastic_gcs_ingestion to 2025-10-28 23:28:00+00:00, run_after=2025-10-28 23:29:00+00:00
[2025-10-28T23:29:47.533+0000] {processor.py:183} INFO - Processing /opt/airflow/dags/dag2_elastic_gcs_ingestion.py took 1.262 seconds
[2025-10-28T23:30:17.879+0000] {processor.py:161} INFO - Started process (PID=173) to work on /opt/airflow/dags/dag2_elastic_gcs_ingestion.py
[2025-10-28T23:30:17.882+0000] {processor.py:830} INFO - Processing file /opt/airflow/dags/dag2_elastic_gcs_ingestion.py for tasks to queue
[2025-10-28T23:30:17.883+0000] {logging_mixin.py:188} INFO - [2025-10-28T23:30:17.883+0000] {dagbag.py:538} INFO - Filling up the DagBag from /opt/airflow/dags/dag2_elastic_gcs_ingestion.py
[2025-10-28T23:30:18.291+0000] {processor.py:840} INFO - DAG(s) 'dag2_elastic_gcs_ingestion' retrieved from /opt/airflow/dags/dag2_elastic_gcs_ingestion.py
[2025-10-28T23:30:18.488+0000] {logging_mixin.py:188} INFO - [2025-10-28T23:30:18.487+0000] {dag.py:3036} INFO - Sync 1 DAGs
[2025-10-28T23:30:18.590+0000] {logging_mixin.py:188} INFO - [2025-10-28T23:30:18.590+0000] {dag.py:3823} INFO - Setting next_dagrun for dag2_elastic_gcs_ingestion to 2025-10-28 23:29:00+00:00, run_after=2025-10-28 23:30:00+00:00
[2025-10-28T23:30:18.647+0000] {processor.py:183} INFO - Processing /opt/airflow/dags/dag2_elastic_gcs_ingestion.py took 0.776 seconds
[2025-10-28T23:30:48.925+0000] {processor.py:161} INFO - Started process (PID=187) to work on /opt/airflow/dags/dag2_elastic_gcs_ingestion.py
[2025-10-28T23:30:48.927+0000] {processor.py:830} INFO - Processing file /opt/airflow/dags/dag2_elastic_gcs_ingestion.py for tasks to queue
[2025-10-28T23:30:48.929+0000] {logging_mixin.py:188} INFO - [2025-10-28T23:30:48.928+0000] {dagbag.py:538} INFO - Filling up the DagBag from /opt/airflow/dags/dag2_elastic_gcs_ingestion.py
[2025-10-28T23:30:49.078+0000] {processor.py:840} INFO - DAG(s) 'dag2_elastic_gcs_ingestion' retrieved from /opt/airflow/dags/dag2_elastic_gcs_ingestion.py
[2025-10-28T23:30:49.111+0000] {logging_mixin.py:188} INFO - [2025-10-28T23:30:49.111+0000] {dag.py:3036} INFO - Sync 1 DAGs
[2025-10-28T23:30:49.134+0000] {logging_mixin.py:188} INFO - [2025-10-28T23:30:49.134+0000] {dag.py:3823} INFO - Setting next_dagrun for dag2_elastic_gcs_ingestion to 2025-10-28 23:30:00+00:00, run_after=2025-10-28 23:31:00+00:00
[2025-10-28T23:30:49.154+0000] {processor.py:183} INFO - Processing /opt/airflow/dags/dag2_elastic_gcs_ingestion.py took 0.234 seconds
[2025-10-28T23:31:19.438+0000] {processor.py:161} INFO - Started process (PID=205) to work on /opt/airflow/dags/dag2_elastic_gcs_ingestion.py
[2025-10-28T23:31:19.440+0000] {processor.py:830} INFO - Processing file /opt/airflow/dags/dag2_elastic_gcs_ingestion.py for tasks to queue
[2025-10-28T23:31:19.442+0000] {logging_mixin.py:188} INFO - [2025-10-28T23:31:19.441+0000] {dagbag.py:538} INFO - Filling up the DagBag from /opt/airflow/dags/dag2_elastic_gcs_ingestion.py
[2025-10-28T23:31:19.572+0000] {processor.py:840} INFO - DAG(s) 'dag2_elastic_gcs_ingestion' retrieved from /opt/airflow/dags/dag2_elastic_gcs_ingestion.py
[2025-10-28T23:31:19.604+0000] {logging_mixin.py:188} INFO - [2025-10-28T23:31:19.604+0000] {dag.py:3036} INFO - Sync 1 DAGs
[2025-10-28T23:31:19.634+0000] {logging_mixin.py:188} INFO - [2025-10-28T23:31:19.634+0000] {dag.py:3823} INFO - Setting next_dagrun for dag2_elastic_gcs_ingestion to 2025-10-28 23:31:00+00:00, run_after=2025-10-28 23:32:00+00:00
[2025-10-28T23:31:19.656+0000] {processor.py:183} INFO - Processing /opt/airflow/dags/dag2_elastic_gcs_ingestion.py took 0.223 seconds
[2025-10-28T23:31:49.904+0000] {processor.py:161} INFO - Started process (PID=215) to work on /opt/airflow/dags/dag2_elastic_gcs_ingestion.py
[2025-10-28T23:31:49.905+0000] {processor.py:830} INFO - Processing file /opt/airflow/dags/dag2_elastic_gcs_ingestion.py for tasks to queue
[2025-10-28T23:31:49.906+0000] {logging_mixin.py:188} INFO - [2025-10-28T23:31:49.906+0000] {dagbag.py:538} INFO - Filling up the DagBag from /opt/airflow/dags/dag2_elastic_gcs_ingestion.py
[2025-10-28T23:31:50.045+0000] {processor.py:840} INFO - DAG(s) 'dag2_elastic_gcs_ingestion' retrieved from /opt/airflow/dags/dag2_elastic_gcs_ingestion.py
[2025-10-28T23:31:50.078+0000] {logging_mixin.py:188} INFO - [2025-10-28T23:31:50.077+0000] {dag.py:3036} INFO - Sync 1 DAGs
[2025-10-28T23:31:50.101+0000] {logging_mixin.py:188} INFO - [2025-10-28T23:31:50.101+0000] {dag.py:3823} INFO - Setting next_dagrun for dag2_elastic_gcs_ingestion to 2025-10-28 23:31:00+00:00, run_after=2025-10-28 23:32:00+00:00
[2025-10-28T23:31:50.124+0000] {processor.py:183} INFO - Processing /opt/airflow/dags/dag2_elastic_gcs_ingestion.py took 0.224 seconds
[2025-10-28T23:33:12.136+0000] {processor.py:161} INFO - Started process (PID=163) to work on /opt/airflow/dags/dag2_elastic_gcs_ingestion.py
[2025-10-28T23:33:12.142+0000] {processor.py:830} INFO - Processing file /opt/airflow/dags/dag2_elastic_gcs_ingestion.py for tasks to queue
[2025-10-28T23:33:12.144+0000] {logging_mixin.py:188} INFO - [2025-10-28T23:33:12.143+0000] {dagbag.py:538} INFO - Filling up the DagBag from /opt/airflow/dags/dag2_elastic_gcs_ingestion.py
[2025-10-28T23:33:12.836+0000] {processor.py:840} INFO - DAG(s) 'dag2_elastic_gcs_ingestion' retrieved from /opt/airflow/dags/dag2_elastic_gcs_ingestion.py
[2025-10-28T23:33:13.367+0000] {logging_mixin.py:188} INFO - [2025-10-28T23:33:13.366+0000] {override.py:1769} INFO - Created Permission View: can delete on DAG:dag2_elastic_gcs_ingestion
[2025-10-28T23:33:13.400+0000] {logging_mixin.py:188} INFO - [2025-10-28T23:33:13.400+0000] {override.py:1769} INFO - Created Permission View: can read on DAG:dag2_elastic_gcs_ingestion
[2025-10-28T23:33:13.449+0000] {logging_mixin.py:188} INFO - [2025-10-28T23:33:13.448+0000] {override.py:1769} INFO - Created Permission View: can edit on DAG:dag2_elastic_gcs_ingestion
[2025-10-28T23:33:13.451+0000] {logging_mixin.py:188} INFO - [2025-10-28T23:33:13.451+0000] {dag.py:3036} INFO - Sync 1 DAGs
[2025-10-28T23:33:13.700+0000] {logging_mixin.py:188} INFO - [2025-10-28T23:33:13.699+0000] {dag.py:3058} INFO - Creating ORM DAG for dag2_elastic_gcs_ingestion
[2025-10-28T23:33:13.717+0000] {logging_mixin.py:188} INFO - [2025-10-28T23:33:13.717+0000] {dag.py:3823} INFO - Setting next_dagrun for dag2_elastic_gcs_ingestion to 2025-10-28 23:32:00+00:00, run_after=2025-10-28 23:33:00+00:00
[2025-10-28T23:33:13.760+0000] {processor.py:183} INFO - Processing /opt/airflow/dags/dag2_elastic_gcs_ingestion.py took 1.636 seconds
[2025-10-28T23:33:44.127+0000] {processor.py:161} INFO - Started process (PID=173) to work on /opt/airflow/dags/dag2_elastic_gcs_ingestion.py
[2025-10-28T23:33:44.135+0000] {processor.py:830} INFO - Processing file /opt/airflow/dags/dag2_elastic_gcs_ingestion.py for tasks to queue
[2025-10-28T23:33:44.141+0000] {logging_mixin.py:188} INFO - [2025-10-28T23:33:44.138+0000] {dagbag.py:538} INFO - Filling up the DagBag from /opt/airflow/dags/dag2_elastic_gcs_ingestion.py
[2025-10-28T23:33:44.459+0000] {processor.py:840} INFO - DAG(s) 'dag2_elastic_gcs_ingestion' retrieved from /opt/airflow/dags/dag2_elastic_gcs_ingestion.py
[2025-10-28T23:33:44.553+0000] {logging_mixin.py:188} INFO - [2025-10-28T23:33:44.553+0000] {dag.py:3036} INFO - Sync 1 DAGs
[2025-10-28T23:33:44.616+0000] {logging_mixin.py:188} INFO - [2025-10-28T23:33:44.616+0000] {dag.py:3823} INFO - Setting next_dagrun for dag2_elastic_gcs_ingestion to 2025-10-28 23:32:00+00:00, run_after=2025-10-28 23:33:00+00:00
[2025-10-28T23:33:44.658+0000] {processor.py:183} INFO - Processing /opt/airflow/dags/dag2_elastic_gcs_ingestion.py took 0.543 seconds
[2025-10-28T23:34:14.933+0000] {processor.py:161} INFO - Started process (PID=183) to work on /opt/airflow/dags/dag2_elastic_gcs_ingestion.py
[2025-10-28T23:34:14.934+0000] {processor.py:830} INFO - Processing file /opt/airflow/dags/dag2_elastic_gcs_ingestion.py for tasks to queue
[2025-10-28T23:34:14.936+0000] {logging_mixin.py:188} INFO - [2025-10-28T23:34:14.935+0000] {dagbag.py:538} INFO - Filling up the DagBag from /opt/airflow/dags/dag2_elastic_gcs_ingestion.py
[2025-10-28T23:34:15.070+0000] {processor.py:840} INFO - DAG(s) 'dag2_elastic_gcs_ingestion' retrieved from /opt/airflow/dags/dag2_elastic_gcs_ingestion.py
[2025-10-28T23:34:15.109+0000] {logging_mixin.py:188} INFO - [2025-10-28T23:34:15.109+0000] {dag.py:3036} INFO - Sync 1 DAGs
[2025-10-28T23:34:15.141+0000] {logging_mixin.py:188} INFO - [2025-10-28T23:34:15.140+0000] {dag.py:3823} INFO - Setting next_dagrun for dag2_elastic_gcs_ingestion to 2025-10-28 23:33:00+00:00, run_after=2025-10-28 23:34:00+00:00
[2025-10-28T23:34:15.167+0000] {processor.py:183} INFO - Processing /opt/airflow/dags/dag2_elastic_gcs_ingestion.py took 0.238 seconds
[2025-10-28T23:34:45.448+0000] {processor.py:161} INFO - Started process (PID=211) to work on /opt/airflow/dags/dag2_elastic_gcs_ingestion.py
[2025-10-28T23:34:45.452+0000] {processor.py:830} INFO - Processing file /opt/airflow/dags/dag2_elastic_gcs_ingestion.py for tasks to queue
[2025-10-28T23:34:45.456+0000] {logging_mixin.py:188} INFO - [2025-10-28T23:34:45.454+0000] {dagbag.py:538} INFO - Filling up the DagBag from /opt/airflow/dags/dag2_elastic_gcs_ingestion.py
[2025-10-28T23:34:45.746+0000] {processor.py:840} INFO - DAG(s) 'dag2_elastic_gcs_ingestion' retrieved from /opt/airflow/dags/dag2_elastic_gcs_ingestion.py
[2025-10-28T23:34:45.820+0000] {logging_mixin.py:188} INFO - [2025-10-28T23:34:45.820+0000] {dag.py:3036} INFO - Sync 1 DAGs
[2025-10-28T23:34:45.872+0000] {logging_mixin.py:188} INFO - [2025-10-28T23:34:45.871+0000] {dag.py:3823} INFO - Setting next_dagrun for dag2_elastic_gcs_ingestion to 2025-10-28 23:34:00+00:00, run_after=2025-10-28 23:35:00+00:00
[2025-10-28T23:34:45.920+0000] {processor.py:183} INFO - Processing /opt/airflow/dags/dag2_elastic_gcs_ingestion.py took 0.483 seconds
[2025-10-28T23:35:16.212+0000] {processor.py:161} INFO - Started process (PID=251) to work on /opt/airflow/dags/dag2_elastic_gcs_ingestion.py
[2025-10-28T23:35:16.213+0000] {processor.py:830} INFO - Processing file /opt/airflow/dags/dag2_elastic_gcs_ingestion.py for tasks to queue
[2025-10-28T23:35:16.215+0000] {logging_mixin.py:188} INFO - [2025-10-28T23:35:16.215+0000] {dagbag.py:538} INFO - Filling up the DagBag from /opt/airflow/dags/dag2_elastic_gcs_ingestion.py
[2025-10-28T23:35:16.353+0000] {processor.py:840} INFO - DAG(s) 'dag2_elastic_gcs_ingestion' retrieved from /opt/airflow/dags/dag2_elastic_gcs_ingestion.py
[2025-10-28T23:35:16.389+0000] {logging_mixin.py:188} INFO - [2025-10-28T23:35:16.389+0000] {dag.py:3036} INFO - Sync 1 DAGs
[2025-10-28T23:35:16.415+0000] {logging_mixin.py:188} INFO - [2025-10-28T23:35:16.414+0000] {dag.py:3823} INFO - Setting next_dagrun for dag2_elastic_gcs_ingestion to 2025-10-28 23:35:00+00:00, run_after=2025-10-28 23:36:00+00:00
[2025-10-28T23:35:16.436+0000] {processor.py:183} INFO - Processing /opt/airflow/dags/dag2_elastic_gcs_ingestion.py took 0.229 seconds
[2025-10-28T23:35:46.680+0000] {processor.py:161} INFO - Started process (PID=261) to work on /opt/airflow/dags/dag2_elastic_gcs_ingestion.py
[2025-10-28T23:35:46.681+0000] {processor.py:830} INFO - Processing file /opt/airflow/dags/dag2_elastic_gcs_ingestion.py for tasks to queue
[2025-10-28T23:35:46.682+0000] {logging_mixin.py:188} INFO - [2025-10-28T23:35:46.682+0000] {dagbag.py:538} INFO - Filling up the DagBag from /opt/airflow/dags/dag2_elastic_gcs_ingestion.py
[2025-10-28T23:35:46.836+0000] {processor.py:840} INFO - DAG(s) 'dag2_elastic_gcs_ingestion' retrieved from /opt/airflow/dags/dag2_elastic_gcs_ingestion.py
[2025-10-28T23:35:46.870+0000] {logging_mixin.py:188} INFO - [2025-10-28T23:35:46.870+0000] {dag.py:3036} INFO - Sync 1 DAGs
[2025-10-28T23:35:46.896+0000] {logging_mixin.py:188} INFO - [2025-10-28T23:35:46.896+0000] {dag.py:3823} INFO - Setting next_dagrun for dag2_elastic_gcs_ingestion to 2025-10-28 23:35:00+00:00, run_after=2025-10-28 23:36:00+00:00
[2025-10-28T23:35:46.919+0000] {processor.py:183} INFO - Processing /opt/airflow/dags/dag2_elastic_gcs_ingestion.py took 0.243 seconds
[2025-10-28T23:36:17.169+0000] {processor.py:161} INFO - Started process (PID=287) to work on /opt/airflow/dags/dag2_elastic_gcs_ingestion.py
[2025-10-28T23:36:17.170+0000] {processor.py:830} INFO - Processing file /opt/airflow/dags/dag2_elastic_gcs_ingestion.py for tasks to queue
[2025-10-28T23:36:17.172+0000] {logging_mixin.py:188} INFO - [2025-10-28T23:36:17.171+0000] {dagbag.py:538} INFO - Filling up the DagBag from /opt/airflow/dags/dag2_elastic_gcs_ingestion.py
[2025-10-28T23:36:17.292+0000] {processor.py:840} INFO - DAG(s) 'dag2_elastic_gcs_ingestion' retrieved from /opt/airflow/dags/dag2_elastic_gcs_ingestion.py
[2025-10-28T23:36:17.318+0000] {logging_mixin.py:188} INFO - [2025-10-28T23:36:17.318+0000] {dag.py:3036} INFO - Sync 1 DAGs
[2025-10-28T23:36:17.340+0000] {logging_mixin.py:188} INFO - [2025-10-28T23:36:17.339+0000] {dag.py:3823} INFO - Setting next_dagrun for dag2_elastic_gcs_ingestion to 2025-10-28 23:36:00+00:00, run_after=2025-10-28 23:37:00+00:00
[2025-10-28T23:36:17.360+0000] {processor.py:183} INFO - Processing /opt/airflow/dags/dag2_elastic_gcs_ingestion.py took 0.195 seconds
[2025-10-28T23:36:47.650+0000] {processor.py:161} INFO - Started process (PID=297) to work on /opt/airflow/dags/dag2_elastic_gcs_ingestion.py
[2025-10-28T23:36:47.652+0000] {processor.py:830} INFO - Processing file /opt/airflow/dags/dag2_elastic_gcs_ingestion.py for tasks to queue
[2025-10-28T23:36:47.653+0000] {logging_mixin.py:188} INFO - [2025-10-28T23:36:47.652+0000] {dagbag.py:538} INFO - Filling up the DagBag from /opt/airflow/dags/dag2_elastic_gcs_ingestion.py
[2025-10-28T23:36:47.773+0000] {processor.py:840} INFO - DAG(s) 'dag2_elastic_gcs_ingestion' retrieved from /opt/airflow/dags/dag2_elastic_gcs_ingestion.py
[2025-10-28T23:36:47.798+0000] {logging_mixin.py:188} INFO - [2025-10-28T23:36:47.798+0000] {dag.py:3036} INFO - Sync 1 DAGs
[2025-10-28T23:36:47.820+0000] {logging_mixin.py:188} INFO - [2025-10-28T23:36:47.819+0000] {dag.py:3823} INFO - Setting next_dagrun for dag2_elastic_gcs_ingestion to 2025-10-28 23:36:00+00:00, run_after=2025-10-28 23:37:00+00:00
[2025-10-28T23:36:47.840+0000] {processor.py:183} INFO - Processing /opt/airflow/dags/dag2_elastic_gcs_ingestion.py took 0.194 seconds
[2025-10-28T23:37:17.906+0000] {processor.py:161} INFO - Started process (PID=323) to work on /opt/airflow/dags/dag2_elastic_gcs_ingestion.py
[2025-10-28T23:37:17.908+0000] {processor.py:830} INFO - Processing file /opt/airflow/dags/dag2_elastic_gcs_ingestion.py for tasks to queue
[2025-10-28T23:37:17.909+0000] {logging_mixin.py:188} INFO - [2025-10-28T23:37:17.909+0000] {dagbag.py:538} INFO - Filling up the DagBag from /opt/airflow/dags/dag2_elastic_gcs_ingestion.py
[2025-10-28T23:37:18.048+0000] {processor.py:840} INFO - DAG(s) 'dag2_elastic_gcs_ingestion' retrieved from /opt/airflow/dags/dag2_elastic_gcs_ingestion.py
[2025-10-28T23:37:18.082+0000] {logging_mixin.py:188} INFO - [2025-10-28T23:37:18.082+0000] {dag.py:3036} INFO - Sync 1 DAGs
[2025-10-28T23:37:18.105+0000] {logging_mixin.py:188} INFO - [2025-10-28T23:37:18.104+0000] {dag.py:3823} INFO - Setting next_dagrun for dag2_elastic_gcs_ingestion to 2025-10-28 23:37:00+00:00, run_after=2025-10-28 23:38:00+00:00
[2025-10-28T23:37:18.127+0000] {processor.py:183} INFO - Processing /opt/airflow/dags/dag2_elastic_gcs_ingestion.py took 0.226 seconds
[2025-10-28T23:37:48.301+0000] {processor.py:161} INFO - Started process (PID=333) to work on /opt/airflow/dags/dag2_elastic_gcs_ingestion.py
[2025-10-28T23:37:48.303+0000] {processor.py:830} INFO - Processing file /opt/airflow/dags/dag2_elastic_gcs_ingestion.py for tasks to queue
[2025-10-28T23:37:48.304+0000] {logging_mixin.py:188} INFO - [2025-10-28T23:37:48.304+0000] {dagbag.py:538} INFO - Filling up the DagBag from /opt/airflow/dags/dag2_elastic_gcs_ingestion.py
[2025-10-28T23:37:48.421+0000] {processor.py:840} INFO - DAG(s) 'dag2_elastic_gcs_ingestion' retrieved from /opt/airflow/dags/dag2_elastic_gcs_ingestion.py
[2025-10-28T23:37:48.453+0000] {logging_mixin.py:188} INFO - [2025-10-28T23:37:48.453+0000] {dag.py:3036} INFO - Sync 1 DAGs
[2025-10-28T23:37:48.474+0000] {logging_mixin.py:188} INFO - [2025-10-28T23:37:48.474+0000] {dag.py:3823} INFO - Setting next_dagrun for dag2_elastic_gcs_ingestion to 2025-10-28 23:37:00+00:00, run_after=2025-10-28 23:38:00+00:00
[2025-10-28T23:37:48.680+0000] {processor.py:183} INFO - Processing /opt/airflow/dags/dag2_elastic_gcs_ingestion.py took 0.381 seconds
[2025-10-28T23:38:18.840+0000] {processor.py:161} INFO - Started process (PID=359) to work on /opt/airflow/dags/dag2_elastic_gcs_ingestion.py
[2025-10-28T23:38:18.842+0000] {processor.py:830} INFO - Processing file /opt/airflow/dags/dag2_elastic_gcs_ingestion.py for tasks to queue
[2025-10-28T23:38:18.843+0000] {logging_mixin.py:188} INFO - [2025-10-28T23:38:18.843+0000] {dagbag.py:538} INFO - Filling up the DagBag from /opt/airflow/dags/dag2_elastic_gcs_ingestion.py
[2025-10-28T23:38:18.967+0000] {processor.py:840} INFO - DAG(s) 'dag2_elastic_gcs_ingestion' retrieved from /opt/airflow/dags/dag2_elastic_gcs_ingestion.py
[2025-10-28T23:38:18.999+0000] {logging_mixin.py:188} INFO - [2025-10-28T23:38:18.998+0000] {dag.py:3036} INFO - Sync 1 DAGs
[2025-10-28T23:38:19.020+0000] {logging_mixin.py:188} INFO - [2025-10-28T23:38:19.020+0000] {dag.py:3823} INFO - Setting next_dagrun for dag2_elastic_gcs_ingestion to 2025-10-28 23:38:00+00:00, run_after=2025-10-28 23:39:00+00:00
[2025-10-28T23:38:19.041+0000] {processor.py:183} INFO - Processing /opt/airflow/dags/dag2_elastic_gcs_ingestion.py took 0.206 seconds
[2025-10-28T23:38:49.327+0000] {processor.py:161} INFO - Started process (PID=369) to work on /opt/airflow/dags/dag2_elastic_gcs_ingestion.py
[2025-10-28T23:38:49.329+0000] {processor.py:830} INFO - Processing file /opt/airflow/dags/dag2_elastic_gcs_ingestion.py for tasks to queue
[2025-10-28T23:38:49.330+0000] {logging_mixin.py:188} INFO - [2025-10-28T23:38:49.329+0000] {dagbag.py:538} INFO - Filling up the DagBag from /opt/airflow/dags/dag2_elastic_gcs_ingestion.py
[2025-10-28T23:38:49.441+0000] {processor.py:840} INFO - DAG(s) 'dag2_elastic_gcs_ingestion' retrieved from /opt/airflow/dags/dag2_elastic_gcs_ingestion.py
[2025-10-28T23:38:49.469+0000] {logging_mixin.py:188} INFO - [2025-10-28T23:38:49.469+0000] {dag.py:3036} INFO - Sync 1 DAGs
[2025-10-28T23:38:49.489+0000] {logging_mixin.py:188} INFO - [2025-10-28T23:38:49.489+0000] {dag.py:3823} INFO - Setting next_dagrun for dag2_elastic_gcs_ingestion to 2025-10-28 23:38:00+00:00, run_after=2025-10-28 23:39:00+00:00
[2025-10-28T23:38:49.508+0000] {processor.py:183} INFO - Processing /opt/airflow/dags/dag2_elastic_gcs_ingestion.py took 0.185 seconds
[2025-10-28T23:39:19.567+0000] {processor.py:161} INFO - Started process (PID=395) to work on /opt/airflow/dags/dag2_elastic_gcs_ingestion.py
[2025-10-28T23:39:19.568+0000] {processor.py:830} INFO - Processing file /opt/airflow/dags/dag2_elastic_gcs_ingestion.py for tasks to queue
[2025-10-28T23:39:19.569+0000] {logging_mixin.py:188} INFO - [2025-10-28T23:39:19.569+0000] {dagbag.py:538} INFO - Filling up the DagBag from /opt/airflow/dags/dag2_elastic_gcs_ingestion.py
[2025-10-28T23:39:19.686+0000] {processor.py:840} INFO - DAG(s) 'dag2_elastic_gcs_ingestion' retrieved from /opt/airflow/dags/dag2_elastic_gcs_ingestion.py
[2025-10-28T23:39:19.716+0000] {logging_mixin.py:188} INFO - [2025-10-28T23:39:19.716+0000] {dag.py:3036} INFO - Sync 1 DAGs
[2025-10-28T23:39:19.735+0000] {logging_mixin.py:188} INFO - [2025-10-28T23:39:19.735+0000] {dag.py:3823} INFO - Setting next_dagrun for dag2_elastic_gcs_ingestion to 2025-10-28 23:39:00+00:00, run_after=2025-10-28 23:40:00+00:00
[2025-10-28T23:39:19.907+0000] {processor.py:183} INFO - Processing /opt/airflow/dags/dag2_elastic_gcs_ingestion.py took 0.345 seconds
[2025-10-28T23:39:50.041+0000] {processor.py:161} INFO - Started process (PID=405) to work on /opt/airflow/dags/dag2_elastic_gcs_ingestion.py
[2025-10-28T23:39:50.043+0000] {processor.py:830} INFO - Processing file /opt/airflow/dags/dag2_elastic_gcs_ingestion.py for tasks to queue
[2025-10-28T23:39:50.044+0000] {logging_mixin.py:188} INFO - [2025-10-28T23:39:50.044+0000] {dagbag.py:538} INFO - Filling up the DagBag from /opt/airflow/dags/dag2_elastic_gcs_ingestion.py
[2025-10-28T23:39:50.157+0000] {processor.py:840} INFO - DAG(s) 'dag2_elastic_gcs_ingestion' retrieved from /opt/airflow/dags/dag2_elastic_gcs_ingestion.py
[2025-10-28T23:39:50.182+0000] {logging_mixin.py:188} INFO - [2025-10-28T23:39:50.182+0000] {dag.py:3036} INFO - Sync 1 DAGs
[2025-10-28T23:39:50.203+0000] {logging_mixin.py:188} INFO - [2025-10-28T23:39:50.203+0000] {dag.py:3823} INFO - Setting next_dagrun for dag2_elastic_gcs_ingestion to 2025-10-28 23:39:00+00:00, run_after=2025-10-28 23:40:00+00:00
[2025-10-28T23:39:50.221+0000] {processor.py:183} INFO - Processing /opt/airflow/dags/dag2_elastic_gcs_ingestion.py took 0.184 seconds
[2025-10-28T23:40:20.498+0000] {processor.py:161} INFO - Started process (PID=421) to work on /opt/airflow/dags/dag2_elastic_gcs_ingestion.py
[2025-10-28T23:40:20.499+0000] {processor.py:830} INFO - Processing file /opt/airflow/dags/dag2_elastic_gcs_ingestion.py for tasks to queue
[2025-10-28T23:40:20.501+0000] {logging_mixin.py:188} INFO - [2025-10-28T23:40:20.500+0000] {dagbag.py:538} INFO - Filling up the DagBag from /opt/airflow/dags/dag2_elastic_gcs_ingestion.py
[2025-10-28T23:40:20.634+0000] {processor.py:840} INFO - DAG(s) 'dag2_elastic_gcs_ingestion' retrieved from /opt/airflow/dags/dag2_elastic_gcs_ingestion.py
[2025-10-28T23:40:20.668+0000] {logging_mixin.py:188} INFO - [2025-10-28T23:40:20.668+0000] {dag.py:3036} INFO - Sync 1 DAGs
[2025-10-28T23:40:20.693+0000] {logging_mixin.py:188} INFO - [2025-10-28T23:40:20.693+0000] {dag.py:3823} INFO - Setting next_dagrun for dag2_elastic_gcs_ingestion to 2025-10-28 23:40:00+00:00, run_after=2025-10-28 23:41:00+00:00
[2025-10-28T23:40:20.715+0000] {processor.py:183} INFO - Processing /opt/airflow/dags/dag2_elastic_gcs_ingestion.py took 0.221 seconds
[2025-10-28T23:40:50.982+0000] {processor.py:161} INFO - Started process (PID=431) to work on /opt/airflow/dags/dag2_elastic_gcs_ingestion.py
[2025-10-28T23:40:50.984+0000] {processor.py:830} INFO - Processing file /opt/airflow/dags/dag2_elastic_gcs_ingestion.py for tasks to queue
[2025-10-28T23:40:50.985+0000] {logging_mixin.py:188} INFO - [2025-10-28T23:40:50.985+0000] {dagbag.py:538} INFO - Filling up the DagBag from /opt/airflow/dags/dag2_elastic_gcs_ingestion.py
[2025-10-28T23:40:51.114+0000] {processor.py:840} INFO - DAG(s) 'dag2_elastic_gcs_ingestion' retrieved from /opt/airflow/dags/dag2_elastic_gcs_ingestion.py
[2025-10-28T23:40:51.146+0000] {logging_mixin.py:188} INFO - [2025-10-28T23:40:51.145+0000] {dag.py:3036} INFO - Sync 1 DAGs
[2025-10-28T23:40:51.168+0000] {logging_mixin.py:188} INFO - [2025-10-28T23:40:51.167+0000] {dag.py:3823} INFO - Setting next_dagrun for dag2_elastic_gcs_ingestion to 2025-10-28 23:40:00+00:00, run_after=2025-10-28 23:41:00+00:00
[2025-10-28T23:40:51.373+0000] {processor.py:183} INFO - Processing /opt/airflow/dags/dag2_elastic_gcs_ingestion.py took 0.395 seconds
[2025-10-28T23:41:21.625+0000] {processor.py:161} INFO - Started process (PID=459) to work on /opt/airflow/dags/dag2_elastic_gcs_ingestion.py
[2025-10-28T23:41:21.627+0000] {processor.py:830} INFO - Processing file /opt/airflow/dags/dag2_elastic_gcs_ingestion.py for tasks to queue
[2025-10-28T23:41:21.629+0000] {logging_mixin.py:188} INFO - [2025-10-28T23:41:21.628+0000] {dagbag.py:538} INFO - Filling up the DagBag from /opt/airflow/dags/dag2_elastic_gcs_ingestion.py
[2025-10-28T23:41:21.758+0000] {processor.py:840} INFO - DAG(s) 'dag2_elastic_gcs_ingestion' retrieved from /opt/airflow/dags/dag2_elastic_gcs_ingestion.py
[2025-10-28T23:41:21.791+0000] {logging_mixin.py:188} INFO - [2025-10-28T23:41:21.791+0000] {dag.py:3036} INFO - Sync 1 DAGs
[2025-10-28T23:41:21.819+0000] {logging_mixin.py:188} INFO - [2025-10-28T23:41:21.819+0000] {dag.py:3823} INFO - Setting next_dagrun for dag2_elastic_gcs_ingestion to 2025-10-28 23:40:00+00:00, run_after=2025-10-28 23:41:00+00:00
[2025-10-28T23:41:21.841+0000] {processor.py:183} INFO - Processing /opt/airflow/dags/dag2_elastic_gcs_ingestion.py took 0.219 seconds
[2025-10-28T23:41:52.112+0000] {processor.py:161} INFO - Started process (PID=469) to work on /opt/airflow/dags/dag2_elastic_gcs_ingestion.py
[2025-10-28T23:41:52.114+0000] {processor.py:830} INFO - Processing file /opt/airflow/dags/dag2_elastic_gcs_ingestion.py for tasks to queue
[2025-10-28T23:41:52.115+0000] {logging_mixin.py:188} INFO - [2025-10-28T23:41:52.114+0000] {dagbag.py:538} INFO - Filling up the DagBag from /opt/airflow/dags/dag2_elastic_gcs_ingestion.py
[2025-10-28T23:41:52.231+0000] {processor.py:840} INFO - DAG(s) 'dag2_elastic_gcs_ingestion' retrieved from /opt/airflow/dags/dag2_elastic_gcs_ingestion.py
[2025-10-28T23:41:52.271+0000] {logging_mixin.py:188} INFO - [2025-10-28T23:41:52.270+0000] {dag.py:3036} INFO - Sync 1 DAGs
[2025-10-28T23:41:52.293+0000] {logging_mixin.py:188} INFO - [2025-10-28T23:41:52.293+0000] {dag.py:3823} INFO - Setting next_dagrun for dag2_elastic_gcs_ingestion to 2025-10-28 23:40:00+00:00, run_after=2025-10-28 23:41:00+00:00
[2025-10-28T23:41:52.315+0000] {processor.py:183} INFO - Processing /opt/airflow/dags/dag2_elastic_gcs_ingestion.py took 0.207 seconds
[2025-10-28T23:42:22.619+0000] {processor.py:161} INFO - Started process (PID=491) to work on /opt/airflow/dags/dag2_elastic_gcs_ingestion.py
[2025-10-28T23:42:22.620+0000] {processor.py:830} INFO - Processing file /opt/airflow/dags/dag2_elastic_gcs_ingestion.py for tasks to queue
[2025-10-28T23:42:22.622+0000] {logging_mixin.py:188} INFO - [2025-10-28T23:42:22.621+0000] {dagbag.py:538} INFO - Filling up the DagBag from /opt/airflow/dags/dag2_elastic_gcs_ingestion.py
[2025-10-28T23:42:22.756+0000] {processor.py:840} INFO - DAG(s) 'dag2_elastic_gcs_ingestion' retrieved from /opt/airflow/dags/dag2_elastic_gcs_ingestion.py
[2025-10-28T23:42:22.788+0000] {logging_mixin.py:188} INFO - [2025-10-28T23:42:22.787+0000] {dag.py:3036} INFO - Sync 1 DAGs
[2025-10-28T23:42:22.812+0000] {logging_mixin.py:188} INFO - [2025-10-28T23:42:22.812+0000] {dag.py:3823} INFO - Setting next_dagrun for dag2_elastic_gcs_ingestion to 2025-10-28 23:41:00+00:00, run_after=2025-10-28 23:42:00+00:00
[2025-10-28T23:42:23.043+0000] {processor.py:183} INFO - Processing /opt/airflow/dags/dag2_elastic_gcs_ingestion.py took 0.429 seconds
[2025-10-28T23:42:39.733+0000] {processor.py:161} INFO - Started process (PID=166) to work on /opt/airflow/dags/dag2_elastic_gcs_ingestion.py
[2025-10-28T23:42:39.734+0000] {processor.py:830} INFO - Processing file /opt/airflow/dags/dag2_elastic_gcs_ingestion.py for tasks to queue
[2025-10-28T23:42:39.735+0000] {logging_mixin.py:188} INFO - [2025-10-28T23:42:39.735+0000] {dagbag.py:538} INFO - Filling up the DagBag from /opt/airflow/dags/dag2_elastic_gcs_ingestion.py
[2025-10-28T23:42:39.892+0000] {processor.py:840} INFO - DAG(s) 'dag2_elastic_gcs_ingestion' retrieved from /opt/airflow/dags/dag2_elastic_gcs_ingestion.py
[2025-10-28T23:42:39.949+0000] {logging_mixin.py:188} INFO - [2025-10-28T23:42:39.949+0000] {dag.py:3036} INFO - Sync 1 DAGs
[2025-10-28T23:42:39.974+0000] {logging_mixin.py:188} INFO - [2025-10-28T23:42:39.974+0000] {dag.py:3823} INFO - Setting next_dagrun for dag2_elastic_gcs_ingestion to 2025-10-28 23:41:00+00:00, run_after=2025-10-28 23:42:00+00:00
[2025-10-28T23:42:39.999+0000] {processor.py:183} INFO - Processing /opt/airflow/dags/dag2_elastic_gcs_ingestion.py took 0.270 seconds
[2025-10-28T23:43:10.207+0000] {processor.py:161} INFO - Started process (PID=179) to work on /opt/airflow/dags/dag2_elastic_gcs_ingestion.py
[2025-10-28T23:43:10.210+0000] {processor.py:830} INFO - Processing file /opt/airflow/dags/dag2_elastic_gcs_ingestion.py for tasks to queue
[2025-10-28T23:43:10.212+0000] {logging_mixin.py:188} INFO - [2025-10-28T23:43:10.211+0000] {dagbag.py:538} INFO - Filling up the DagBag from /opt/airflow/dags/dag2_elastic_gcs_ingestion.py
[2025-10-28T23:43:10.411+0000] {processor.py:840} INFO - DAG(s) 'dag2_elastic_gcs_ingestion' retrieved from /opt/airflow/dags/dag2_elastic_gcs_ingestion.py
[2025-10-28T23:43:10.455+0000] {logging_mixin.py:188} INFO - [2025-10-28T23:43:10.455+0000] {dag.py:3036} INFO - Sync 1 DAGs
[2025-10-28T23:43:10.486+0000] {logging_mixin.py:188} INFO - [2025-10-28T23:43:10.486+0000] {dag.py:3823} INFO - Setting next_dagrun for dag2_elastic_gcs_ingestion to 2025-10-28 23:42:00+00:00, run_after=2025-10-28 23:43:00+00:00
[2025-10-28T23:43:10.511+0000] {processor.py:183} INFO - Processing /opt/airflow/dags/dag2_elastic_gcs_ingestion.py took 0.311 seconds
[2025-10-28T23:43:40.795+0000] {processor.py:161} INFO - Started process (PID=193) to work on /opt/airflow/dags/dag2_elastic_gcs_ingestion.py
[2025-10-28T23:43:40.797+0000] {processor.py:830} INFO - Processing file /opt/airflow/dags/dag2_elastic_gcs_ingestion.py for tasks to queue
[2025-10-28T23:43:40.798+0000] {logging_mixin.py:188} INFO - [2025-10-28T23:43:40.798+0000] {dagbag.py:538} INFO - Filling up the DagBag from /opt/airflow/dags/dag2_elastic_gcs_ingestion.py
[2025-10-28T23:43:40.964+0000] {processor.py:840} INFO - DAG(s) 'dag2_elastic_gcs_ingestion' retrieved from /opt/airflow/dags/dag2_elastic_gcs_ingestion.py
[2025-10-28T23:43:41.007+0000] {logging_mixin.py:188} INFO - [2025-10-28T23:43:41.006+0000] {dag.py:3036} INFO - Sync 1 DAGs
[2025-10-28T23:43:41.041+0000] {logging_mixin.py:188} INFO - [2025-10-28T23:43:41.040+0000] {dag.py:3823} INFO - Setting next_dagrun for dag2_elastic_gcs_ingestion to 2025-10-28 23:42:00+00:00, run_after=2025-10-28 23:43:00+00:00
[2025-10-28T23:43:41.067+0000] {processor.py:183} INFO - Processing /opt/airflow/dags/dag2_elastic_gcs_ingestion.py took 0.278 seconds
[2025-10-28T23:44:11.338+0000] {processor.py:161} INFO - Started process (PID=213) to work on /opt/airflow/dags/dag2_elastic_gcs_ingestion.py
[2025-10-28T23:44:11.339+0000] {processor.py:830} INFO - Processing file /opt/airflow/dags/dag2_elastic_gcs_ingestion.py for tasks to queue
[2025-10-28T23:44:11.340+0000] {logging_mixin.py:188} INFO - [2025-10-28T23:44:11.340+0000] {dagbag.py:538} INFO - Filling up the DagBag from /opt/airflow/dags/dag2_elastic_gcs_ingestion.py
[2025-10-28T23:44:11.492+0000] {processor.py:840} INFO - DAG(s) 'dag2_elastic_gcs_ingestion' retrieved from /opt/airflow/dags/dag2_elastic_gcs_ingestion.py
[2025-10-28T23:44:11.522+0000] {logging_mixin.py:188} INFO - [2025-10-28T23:44:11.521+0000] {dag.py:3036} INFO - Sync 1 DAGs
[2025-10-28T23:44:11.547+0000] {logging_mixin.py:188} INFO - [2025-10-28T23:44:11.547+0000] {dag.py:3823} INFO - Setting next_dagrun for dag2_elastic_gcs_ingestion to 2025-10-28 23:43:00+00:00, run_after=2025-10-28 23:44:00+00:00
[2025-10-28T23:44:11.569+0000] {processor.py:183} INFO - Processing /opt/airflow/dags/dag2_elastic_gcs_ingestion.py took 0.236 seconds
[2025-10-28T23:44:41.845+0000] {processor.py:161} INFO - Started process (PID=227) to work on /opt/airflow/dags/dag2_elastic_gcs_ingestion.py
[2025-10-28T23:44:41.847+0000] {processor.py:830} INFO - Processing file /opt/airflow/dags/dag2_elastic_gcs_ingestion.py for tasks to queue
[2025-10-28T23:44:41.848+0000] {logging_mixin.py:188} INFO - [2025-10-28T23:44:41.848+0000] {dagbag.py:538} INFO - Filling up the DagBag from /opt/airflow/dags/dag2_elastic_gcs_ingestion.py
[2025-10-28T23:44:41.991+0000] {processor.py:840} INFO - DAG(s) 'dag2_elastic_gcs_ingestion' retrieved from /opt/airflow/dags/dag2_elastic_gcs_ingestion.py
[2025-10-28T23:44:42.036+0000] {logging_mixin.py:188} INFO - [2025-10-28T23:44:42.036+0000] {dag.py:3036} INFO - Sync 1 DAGs
[2025-10-28T23:44:42.068+0000] {logging_mixin.py:188} INFO - [2025-10-28T23:44:42.068+0000] {dag.py:3823} INFO - Setting next_dagrun for dag2_elastic_gcs_ingestion to 2025-10-28 23:43:00+00:00, run_after=2025-10-28 23:44:00+00:00
[2025-10-28T23:44:42.095+0000] {processor.py:183} INFO - Processing /opt/airflow/dags/dag2_elastic_gcs_ingestion.py took 0.255 seconds
[2025-10-28T23:45:12.356+0000] {processor.py:161} INFO - Started process (PID=241) to work on /opt/airflow/dags/dag2_elastic_gcs_ingestion.py
[2025-10-28T23:45:12.358+0000] {processor.py:830} INFO - Processing file /opt/airflow/dags/dag2_elastic_gcs_ingestion.py for tasks to queue
[2025-10-28T23:45:12.359+0000] {logging_mixin.py:188} INFO - [2025-10-28T23:45:12.359+0000] {dagbag.py:538} INFO - Filling up the DagBag from /opt/airflow/dags/dag2_elastic_gcs_ingestion.py
[2025-10-28T23:45:12.536+0000] {processor.py:840} INFO - DAG(s) 'dag2_elastic_gcs_ingestion' retrieved from /opt/airflow/dags/dag2_elastic_gcs_ingestion.py
[2025-10-28T23:45:12.577+0000] {logging_mixin.py:188} INFO - [2025-10-28T23:45:12.577+0000] {dag.py:3036} INFO - Sync 1 DAGs
[2025-10-28T23:45:12.606+0000] {logging_mixin.py:188} INFO - [2025-10-28T23:45:12.606+0000] {dag.py:3823} INFO - Setting next_dagrun for dag2_elastic_gcs_ingestion to 2025-10-28 23:44:00+00:00, run_after=2025-10-28 23:45:00+00:00
[2025-10-28T23:45:12.631+0000] {processor.py:183} INFO - Processing /opt/airflow/dags/dag2_elastic_gcs_ingestion.py took 0.281 seconds
[2025-10-28T23:45:42.906+0000] {processor.py:161} INFO - Started process (PID=254) to work on /opt/airflow/dags/dag2_elastic_gcs_ingestion.py
[2025-10-28T23:45:42.907+0000] {processor.py:830} INFO - Processing file /opt/airflow/dags/dag2_elastic_gcs_ingestion.py for tasks to queue
[2025-10-28T23:45:42.909+0000] {logging_mixin.py:188} INFO - [2025-10-28T23:45:42.908+0000] {dagbag.py:538} INFO - Filling up the DagBag from /opt/airflow/dags/dag2_elastic_gcs_ingestion.py
[2025-10-28T23:45:43.024+0000] {processor.py:840} INFO - DAG(s) 'dag2_elastic_gcs_ingestion' retrieved from /opt/airflow/dags/dag2_elastic_gcs_ingestion.py
[2025-10-28T23:45:43.054+0000] {logging_mixin.py:188} INFO - [2025-10-28T23:45:43.053+0000] {dag.py:3036} INFO - Sync 1 DAGs
[2025-10-28T23:45:43.079+0000] {logging_mixin.py:188} INFO - [2025-10-28T23:45:43.079+0000] {dag.py:3823} INFO - Setting next_dagrun for dag2_elastic_gcs_ingestion to 2025-10-28 23:44:00+00:00, run_after=2025-10-28 23:45:00+00:00
[2025-10-28T23:45:43.102+0000] {processor.py:183} INFO - Processing /opt/airflow/dags/dag2_elastic_gcs_ingestion.py took 0.200 seconds
[2025-10-28T23:46:13.364+0000] {processor.py:161} INFO - Started process (PID=273) to work on /opt/airflow/dags/dag2_elastic_gcs_ingestion.py
[2025-10-28T23:46:13.366+0000] {processor.py:830} INFO - Processing file /opt/airflow/dags/dag2_elastic_gcs_ingestion.py for tasks to queue
[2025-10-28T23:46:13.367+0000] {logging_mixin.py:188} INFO - [2025-10-28T23:46:13.366+0000] {dagbag.py:538} INFO - Filling up the DagBag from /opt/airflow/dags/dag2_elastic_gcs_ingestion.py
[2025-10-28T23:46:13.481+0000] {processor.py:840} INFO - DAG(s) 'dag2_elastic_gcs_ingestion' retrieved from /opt/airflow/dags/dag2_elastic_gcs_ingestion.py
[2025-10-28T23:46:13.511+0000] {logging_mixin.py:188} INFO - [2025-10-28T23:46:13.511+0000] {dag.py:3036} INFO - Sync 1 DAGs
[2025-10-28T23:46:13.535+0000] {logging_mixin.py:188} INFO - [2025-10-28T23:46:13.535+0000] {dag.py:3823} INFO - Setting next_dagrun for dag2_elastic_gcs_ingestion to 2025-10-28 23:45:00+00:00, run_after=2025-10-28 23:46:00+00:00
[2025-10-28T23:46:13.558+0000] {processor.py:183} INFO - Processing /opt/airflow/dags/dag2_elastic_gcs_ingestion.py took 0.198 seconds
[2025-10-28T23:46:41.633+0000] {processor.py:161} INFO - Started process (PID=166) to work on /opt/airflow/dags/dag2_elastic_gcs_ingestion.py
[2025-10-28T23:46:41.634+0000] {processor.py:830} INFO - Processing file /opt/airflow/dags/dag2_elastic_gcs_ingestion.py for tasks to queue
[2025-10-28T23:46:41.635+0000] {logging_mixin.py:188} INFO - [2025-10-28T23:46:41.635+0000] {dagbag.py:538} INFO - Filling up the DagBag from /opt/airflow/dags/dag2_elastic_gcs_ingestion.py
[2025-10-28T23:46:41.785+0000] {processor.py:840} INFO - DAG(s) 'dag2_elastic_gcs_ingestion' retrieved from /opt/airflow/dags/dag2_elastic_gcs_ingestion.py
[2025-10-28T23:46:41.832+0000] {logging_mixin.py:188} INFO - [2025-10-28T23:46:41.831+0000] {dag.py:3036} INFO - Sync 1 DAGs
[2025-10-28T23:46:41.857+0000] {logging_mixin.py:188} INFO - [2025-10-28T23:46:41.857+0000] {dag.py:3823} INFO - Setting next_dagrun for dag2_elastic_gcs_ingestion to 2025-10-28 23:45:00+00:00, run_after=2025-10-28 23:46:00+00:00
[2025-10-28T23:46:41.882+0000] {processor.py:183} INFO - Processing /opt/airflow/dags/dag2_elastic_gcs_ingestion.py took 0.254 seconds
[2025-10-28T23:47:12.092+0000] {processor.py:161} INFO - Started process (PID=179) to work on /opt/airflow/dags/dag2_elastic_gcs_ingestion.py
[2025-10-28T23:47:12.094+0000] {processor.py:830} INFO - Processing file /opt/airflow/dags/dag2_elastic_gcs_ingestion.py for tasks to queue
[2025-10-28T23:47:12.095+0000] {logging_mixin.py:188} INFO - [2025-10-28T23:47:12.095+0000] {dagbag.py:538} INFO - Filling up the DagBag from /opt/airflow/dags/dag2_elastic_gcs_ingestion.py
[2025-10-28T23:47:12.250+0000] {processor.py:840} INFO - DAG(s) 'dag2_elastic_gcs_ingestion' retrieved from /opt/airflow/dags/dag2_elastic_gcs_ingestion.py
[2025-10-28T23:47:12.289+0000] {logging_mixin.py:188} INFO - [2025-10-28T23:47:12.289+0000] {dag.py:3036} INFO - Sync 1 DAGs
[2025-10-28T23:47:12.323+0000] {logging_mixin.py:188} INFO - [2025-10-28T23:47:12.323+0000] {dag.py:3823} INFO - Setting next_dagrun for dag2_elastic_gcs_ingestion to 2025-10-28 23:46:00+00:00, run_after=2025-10-28 23:47:00+00:00
[2025-10-28T23:47:12.350+0000] {processor.py:183} INFO - Processing /opt/airflow/dags/dag2_elastic_gcs_ingestion.py took 0.263 seconds
[2025-10-28T23:47:42.614+0000] {processor.py:161} INFO - Started process (PID=193) to work on /opt/airflow/dags/dag2_elastic_gcs_ingestion.py
[2025-10-28T23:47:42.616+0000] {processor.py:830} INFO - Processing file /opt/airflow/dags/dag2_elastic_gcs_ingestion.py for tasks to queue
[2025-10-28T23:47:42.617+0000] {logging_mixin.py:188} INFO - [2025-10-28T23:47:42.617+0000] {dagbag.py:538} INFO - Filling up the DagBag from /opt/airflow/dags/dag2_elastic_gcs_ingestion.py
[2025-10-28T23:47:42.783+0000] {processor.py:840} INFO - DAG(s) 'dag2_elastic_gcs_ingestion' retrieved from /opt/airflow/dags/dag2_elastic_gcs_ingestion.py
[2025-10-28T23:47:42.823+0000] {logging_mixin.py:188} INFO - [2025-10-28T23:47:42.823+0000] {dag.py:3036} INFO - Sync 1 DAGs
[2025-10-28T23:47:42.856+0000] {logging_mixin.py:188} INFO - [2025-10-28T23:47:42.855+0000] {dag.py:3823} INFO - Setting next_dagrun for dag2_elastic_gcs_ingestion to 2025-10-28 23:46:00+00:00, run_after=2025-10-28 23:47:00+00:00
[2025-10-28T23:47:42.881+0000] {processor.py:183} INFO - Processing /opt/airflow/dags/dag2_elastic_gcs_ingestion.py took 0.271 seconds
[2025-10-28T23:48:13.155+0000] {processor.py:161} INFO - Started process (PID=206) to work on /opt/airflow/dags/dag2_elastic_gcs_ingestion.py
[2025-10-28T23:48:13.157+0000] {processor.py:830} INFO - Processing file /opt/airflow/dags/dag2_elastic_gcs_ingestion.py for tasks to queue
[2025-10-28T23:48:13.159+0000] {logging_mixin.py:188} INFO - [2025-10-28T23:48:13.158+0000] {dagbag.py:538} INFO - Filling up the DagBag from /opt/airflow/dags/dag2_elastic_gcs_ingestion.py
[2025-10-28T23:48:13.326+0000] {processor.py:840} INFO - DAG(s) 'dag2_elastic_gcs_ingestion' retrieved from /opt/airflow/dags/dag2_elastic_gcs_ingestion.py
[2025-10-28T23:48:13.370+0000] {logging_mixin.py:188} INFO - [2025-10-28T23:48:13.369+0000] {dag.py:3036} INFO - Sync 1 DAGs
[2025-10-28T23:48:13.405+0000] {logging_mixin.py:188} INFO - [2025-10-28T23:48:13.405+0000] {dag.py:3823} INFO - Setting next_dagrun for dag2_elastic_gcs_ingestion to 2025-10-28 23:47:00+00:00, run_after=2025-10-28 23:48:00+00:00
[2025-10-28T23:48:13.430+0000] {processor.py:183} INFO - Processing /opt/airflow/dags/dag2_elastic_gcs_ingestion.py took 0.282 seconds
[2025-10-28T23:48:43.689+0000] {processor.py:161} INFO - Started process (PID=216) to work on /opt/airflow/dags/dag2_elastic_gcs_ingestion.py
[2025-10-28T23:48:43.690+0000] {processor.py:830} INFO - Processing file /opt/airflow/dags/dag2_elastic_gcs_ingestion.py for tasks to queue
[2025-10-28T23:48:43.691+0000] {logging_mixin.py:188} INFO - [2025-10-28T23:48:43.690+0000] {dagbag.py:538} INFO - Filling up the DagBag from /opt/airflow/dags/dag2_elastic_gcs_ingestion.py
[2025-10-28T23:48:43.849+0000] {processor.py:840} INFO - DAG(s) 'dag2_elastic_gcs_ingestion' retrieved from /opt/airflow/dags/dag2_elastic_gcs_ingestion.py
[2025-10-28T23:48:43.892+0000] {logging_mixin.py:188} INFO - [2025-10-28T23:48:43.891+0000] {dag.py:3036} INFO - Sync 1 DAGs
[2025-10-28T23:48:43.922+0000] {logging_mixin.py:188} INFO - [2025-10-28T23:48:43.921+0000] {dag.py:3823} INFO - Setting next_dagrun for dag2_elastic_gcs_ingestion to 2025-10-28 23:47:00+00:00, run_after=2025-10-28 23:48:00+00:00
[2025-10-28T23:48:43.945+0000] {processor.py:183} INFO - Processing /opt/airflow/dags/dag2_elastic_gcs_ingestion.py took 0.262 seconds
[2025-10-28T23:49:14.202+0000] {processor.py:161} INFO - Started process (PID=233) to work on /opt/airflow/dags/dag2_elastic_gcs_ingestion.py
[2025-10-28T23:49:14.205+0000] {processor.py:830} INFO - Processing file /opt/airflow/dags/dag2_elastic_gcs_ingestion.py for tasks to queue
[2025-10-28T23:49:14.208+0000] {logging_mixin.py:188} INFO - [2025-10-28T23:49:14.207+0000] {dagbag.py:538} INFO - Filling up the DagBag from /opt/airflow/dags/dag2_elastic_gcs_ingestion.py
[2025-10-28T23:49:14.382+0000] {processor.py:840} INFO - DAG(s) 'dag2_elastic_gcs_ingestion' retrieved from /opt/airflow/dags/dag2_elastic_gcs_ingestion.py
[2025-10-28T23:49:14.426+0000] {logging_mixin.py:188} INFO - [2025-10-28T23:49:14.425+0000] {dag.py:3036} INFO - Sync 1 DAGs
[2025-10-28T23:49:14.459+0000] {logging_mixin.py:188} INFO - [2025-10-28T23:49:14.459+0000] {dag.py:3823} INFO - Setting next_dagrun for dag2_elastic_gcs_ingestion to 2025-10-28 23:48:00+00:00, run_after=2025-10-28 23:49:00+00:00
[2025-10-28T23:49:14.487+0000] {processor.py:183} INFO - Processing /opt/airflow/dags/dag2_elastic_gcs_ingestion.py took 0.292 seconds
[2025-10-28T23:49:44.752+0000] {processor.py:161} INFO - Started process (PID=247) to work on /opt/airflow/dags/dag2_elastic_gcs_ingestion.py
[2025-10-28T23:49:44.754+0000] {processor.py:830} INFO - Processing file /opt/airflow/dags/dag2_elastic_gcs_ingestion.py for tasks to queue
[2025-10-28T23:49:44.755+0000] {logging_mixin.py:188} INFO - [2025-10-28T23:49:44.755+0000] {dagbag.py:538} INFO - Filling up the DagBag from /opt/airflow/dags/dag2_elastic_gcs_ingestion.py
[2025-10-28T23:49:44.880+0000] {processor.py:840} INFO - DAG(s) 'dag2_elastic_gcs_ingestion' retrieved from /opt/airflow/dags/dag2_elastic_gcs_ingestion.py
[2025-10-28T23:49:44.911+0000] {logging_mixin.py:188} INFO - [2025-10-28T23:49:44.911+0000] {dag.py:3036} INFO - Sync 1 DAGs
[2025-10-28T23:49:44.939+0000] {logging_mixin.py:188} INFO - [2025-10-28T23:49:44.939+0000] {dag.py:3823} INFO - Setting next_dagrun for dag2_elastic_gcs_ingestion to 2025-10-28 23:48:00+00:00, run_after=2025-10-28 23:49:00+00:00
[2025-10-28T23:49:44.968+0000] {processor.py:183} INFO - Processing /opt/airflow/dags/dag2_elastic_gcs_ingestion.py took 0.220 seconds
[2025-10-28T23:50:15.249+0000] {processor.py:161} INFO - Started process (PID=260) to work on /opt/airflow/dags/dag2_elastic_gcs_ingestion.py
[2025-10-28T23:50:15.251+0000] {processor.py:830} INFO - Processing file /opt/airflow/dags/dag2_elastic_gcs_ingestion.py for tasks to queue
[2025-10-28T23:50:15.252+0000] {logging_mixin.py:188} INFO - [2025-10-28T23:50:15.252+0000] {dagbag.py:538} INFO - Filling up the DagBag from /opt/airflow/dags/dag2_elastic_gcs_ingestion.py
[2025-10-28T23:50:15.405+0000] {processor.py:840} INFO - DAG(s) 'dag2_elastic_gcs_ingestion' retrieved from /opt/airflow/dags/dag2_elastic_gcs_ingestion.py
[2025-10-28T23:50:15.441+0000] {logging_mixin.py:188} INFO - [2025-10-28T23:50:15.440+0000] {dag.py:3036} INFO - Sync 1 DAGs
[2025-10-28T23:50:15.471+0000] {logging_mixin.py:188} INFO - [2025-10-28T23:50:15.471+0000] {dag.py:3823} INFO - Setting next_dagrun for dag2_elastic_gcs_ingestion to 2025-10-28 23:49:00+00:00, run_after=2025-10-28 23:50:00+00:00
[2025-10-28T23:50:15.493+0000] {processor.py:183} INFO - Processing /opt/airflow/dags/dag2_elastic_gcs_ingestion.py took 0.248 seconds
[2025-10-28T23:50:45.765+0000] {processor.py:161} INFO - Started process (PID=274) to work on /opt/airflow/dags/dag2_elastic_gcs_ingestion.py
[2025-10-28T23:50:45.767+0000] {processor.py:830} INFO - Processing file /opt/airflow/dags/dag2_elastic_gcs_ingestion.py for tasks to queue
[2025-10-28T23:50:45.768+0000] {logging_mixin.py:188} INFO - [2025-10-28T23:50:45.768+0000] {dagbag.py:538} INFO - Filling up the DagBag from /opt/airflow/dags/dag2_elastic_gcs_ingestion.py
[2025-10-28T23:50:45.889+0000] {processor.py:840} INFO - DAG(s) 'dag2_elastic_gcs_ingestion' retrieved from /opt/airflow/dags/dag2_elastic_gcs_ingestion.py
[2025-10-28T23:50:45.923+0000] {logging_mixin.py:188} INFO - [2025-10-28T23:50:45.923+0000] {dag.py:3036} INFO - Sync 1 DAGs
[2025-10-28T23:50:45.948+0000] {logging_mixin.py:188} INFO - [2025-10-28T23:50:45.948+0000] {dag.py:3823} INFO - Setting next_dagrun for dag2_elastic_gcs_ingestion to 2025-10-28 23:49:00+00:00, run_after=2025-10-28 23:50:00+00:00
[2025-10-28T23:50:45.972+0000] {processor.py:183} INFO - Processing /opt/airflow/dags/dag2_elastic_gcs_ingestion.py took 0.212 seconds
[2025-10-28T23:51:16.233+0000] {processor.py:161} INFO - Started process (PID=287) to work on /opt/airflow/dags/dag2_elastic_gcs_ingestion.py
[2025-10-28T23:51:16.234+0000] {processor.py:830} INFO - Processing file /opt/airflow/dags/dag2_elastic_gcs_ingestion.py for tasks to queue
[2025-10-28T23:51:16.236+0000] {logging_mixin.py:188} INFO - [2025-10-28T23:51:16.235+0000] {dagbag.py:538} INFO - Filling up the DagBag from /opt/airflow/dags/dag2_elastic_gcs_ingestion.py
[2025-10-28T23:51:16.375+0000] {processor.py:840} INFO - DAG(s) 'dag2_elastic_gcs_ingestion' retrieved from /opt/airflow/dags/dag2_elastic_gcs_ingestion.py
[2025-10-28T23:51:16.414+0000] {logging_mixin.py:188} INFO - [2025-10-28T23:51:16.414+0000] {dag.py:3036} INFO - Sync 1 DAGs
[2025-10-28T23:51:16.443+0000] {logging_mixin.py:188} INFO - [2025-10-28T23:51:16.443+0000] {dag.py:3823} INFO - Setting next_dagrun for dag2_elastic_gcs_ingestion to 2025-10-28 23:50:00+00:00, run_after=2025-10-28 23:51:00+00:00
[2025-10-28T23:51:16.471+0000] {processor.py:183} INFO - Processing /opt/airflow/dags/dag2_elastic_gcs_ingestion.py took 0.243 seconds
[2025-10-28T23:51:46.768+0000] {processor.py:161} INFO - Started process (PID=301) to work on /opt/airflow/dags/dag2_elastic_gcs_ingestion.py
[2025-10-28T23:51:46.769+0000] {processor.py:830} INFO - Processing file /opt/airflow/dags/dag2_elastic_gcs_ingestion.py for tasks to queue
[2025-10-28T23:51:46.770+0000] {logging_mixin.py:188} INFO - [2025-10-28T23:51:46.770+0000] {dagbag.py:538} INFO - Filling up the DagBag from /opt/airflow/dags/dag2_elastic_gcs_ingestion.py
[2025-10-28T23:51:46.909+0000] {processor.py:840} INFO - DAG(s) 'dag2_elastic_gcs_ingestion' retrieved from /opt/airflow/dags/dag2_elastic_gcs_ingestion.py
[2025-10-28T23:51:46.944+0000] {logging_mixin.py:188} INFO - [2025-10-28T23:51:46.944+0000] {dag.py:3036} INFO - Sync 1 DAGs
[2025-10-28T23:51:47.191+0000] {logging_mixin.py:188} INFO - [2025-10-28T23:51:47.190+0000] {dag.py:3823} INFO - Setting next_dagrun for dag2_elastic_gcs_ingestion to 2025-10-28 23:50:00+00:00, run_after=2025-10-28 23:51:00+00:00
[2025-10-28T23:51:47.216+0000] {processor.py:183} INFO - Processing /opt/airflow/dags/dag2_elastic_gcs_ingestion.py took 0.452 seconds
[2025-10-28T23:52:17.500+0000] {processor.py:161} INFO - Started process (PID=314) to work on /opt/airflow/dags/dag2_elastic_gcs_ingestion.py
[2025-10-28T23:52:17.503+0000] {processor.py:830} INFO - Processing file /opt/airflow/dags/dag2_elastic_gcs_ingestion.py for tasks to queue
[2025-10-28T23:52:17.506+0000] {logging_mixin.py:188} INFO - [2025-10-28T23:52:17.505+0000] {dagbag.py:538} INFO - Filling up the DagBag from /opt/airflow/dags/dag2_elastic_gcs_ingestion.py
[2025-10-28T23:52:17.665+0000] {processor.py:840} INFO - DAG(s) 'dag2_elastic_gcs_ingestion' retrieved from /opt/airflow/dags/dag2_elastic_gcs_ingestion.py
[2025-10-28T23:52:17.710+0000] {logging_mixin.py:188} INFO - [2025-10-28T23:52:17.710+0000] {dag.py:3036} INFO - Sync 1 DAGs
[2025-10-28T23:52:17.745+0000] {logging_mixin.py:188} INFO - [2025-10-28T23:52:17.745+0000] {dag.py:3823} INFO - Setting next_dagrun for dag2_elastic_gcs_ingestion to 2025-10-28 23:51:00+00:00, run_after=2025-10-28 23:52:00+00:00
[2025-10-28T23:52:17.774+0000] {processor.py:183} INFO - Processing /opt/airflow/dags/dag2_elastic_gcs_ingestion.py took 0.284 seconds
[2025-10-28T23:52:48.035+0000] {processor.py:161} INFO - Started process (PID=324) to work on /opt/airflow/dags/dag2_elastic_gcs_ingestion.py
[2025-10-28T23:52:48.037+0000] {processor.py:830} INFO - Processing file /opt/airflow/dags/dag2_elastic_gcs_ingestion.py for tasks to queue
[2025-10-28T23:52:48.038+0000] {logging_mixin.py:188} INFO - [2025-10-28T23:52:48.038+0000] {dagbag.py:538} INFO - Filling up the DagBag from /opt/airflow/dags/dag2_elastic_gcs_ingestion.py
[2025-10-28T23:52:48.172+0000] {processor.py:840} INFO - DAG(s) 'dag2_elastic_gcs_ingestion' retrieved from /opt/airflow/dags/dag2_elastic_gcs_ingestion.py
[2025-10-28T23:52:48.205+0000] {logging_mixin.py:188} INFO - [2025-10-28T23:52:48.205+0000] {dag.py:3036} INFO - Sync 1 DAGs
[2025-10-28T23:52:48.233+0000] {logging_mixin.py:188} INFO - [2025-10-28T23:52:48.232+0000] {dag.py:3823} INFO - Setting next_dagrun for dag2_elastic_gcs_ingestion to 2025-10-28 23:51:00+00:00, run_after=2025-10-28 23:52:00+00:00
[2025-10-28T23:52:48.257+0000] {processor.py:183} INFO - Processing /opt/airflow/dags/dag2_elastic_gcs_ingestion.py took 0.226 seconds
[2025-10-28T23:53:18.518+0000] {processor.py:161} INFO - Started process (PID=334) to work on /opt/airflow/dags/dag2_elastic_gcs_ingestion.py
[2025-10-28T23:53:18.520+0000] {processor.py:830} INFO - Processing file /opt/airflow/dags/dag2_elastic_gcs_ingestion.py for tasks to queue
[2025-10-28T23:53:18.521+0000] {logging_mixin.py:188} INFO - [2025-10-28T23:53:18.520+0000] {dagbag.py:538} INFO - Filling up the DagBag from /opt/airflow/dags/dag2_elastic_gcs_ingestion.py
[2025-10-28T23:53:18.652+0000] {processor.py:840} INFO - DAG(s) 'dag2_elastic_gcs_ingestion' retrieved from /opt/airflow/dags/dag2_elastic_gcs_ingestion.py
[2025-10-28T23:53:18.689+0000] {logging_mixin.py:188} INFO - [2025-10-28T23:53:18.689+0000] {dag.py:3036} INFO - Sync 1 DAGs
[2025-10-28T23:53:18.913+0000] {logging_mixin.py:188} INFO - [2025-10-28T23:53:18.913+0000] {dag.py:3823} INFO - Setting next_dagrun for dag2_elastic_gcs_ingestion to 2025-10-28 23:52:00+00:00, run_after=2025-10-28 23:53:00+00:00
[2025-10-28T23:53:18.933+0000] {processor.py:183} INFO - Processing /opt/airflow/dags/dag2_elastic_gcs_ingestion.py took 0.419 seconds
[2025-10-28T23:53:49.211+0000] {processor.py:161} INFO - Started process (PID=344) to work on /opt/airflow/dags/dag2_elastic_gcs_ingestion.py
[2025-10-28T23:53:49.213+0000] {processor.py:830} INFO - Processing file /opt/airflow/dags/dag2_elastic_gcs_ingestion.py for tasks to queue
[2025-10-28T23:53:49.214+0000] {logging_mixin.py:188} INFO - [2025-10-28T23:53:49.214+0000] {dagbag.py:538} INFO - Filling up the DagBag from /opt/airflow/dags/dag2_elastic_gcs_ingestion.py
[2025-10-28T23:53:49.345+0000] {processor.py:840} INFO - DAG(s) 'dag2_elastic_gcs_ingestion' retrieved from /opt/airflow/dags/dag2_elastic_gcs_ingestion.py
[2025-10-28T23:53:49.382+0000] {logging_mixin.py:188} INFO - [2025-10-28T23:53:49.382+0000] {dag.py:3036} INFO - Sync 1 DAGs
[2025-10-28T23:53:49.415+0000] {logging_mixin.py:188} INFO - [2025-10-28T23:53:49.415+0000] {dag.py:3823} INFO - Setting next_dagrun for dag2_elastic_gcs_ingestion to 2025-10-28 23:52:00+00:00, run_after=2025-10-28 23:53:00+00:00
[2025-10-28T23:53:49.440+0000] {processor.py:183} INFO - Processing /opt/airflow/dags/dag2_elastic_gcs_ingestion.py took 0.234 seconds
[2025-10-28T23:54:19.696+0000] {processor.py:161} INFO - Started process (PID=367) to work on /opt/airflow/dags/dag2_elastic_gcs_ingestion.py
[2025-10-28T23:54:19.699+0000] {processor.py:830} INFO - Processing file /opt/airflow/dags/dag2_elastic_gcs_ingestion.py for tasks to queue
[2025-10-28T23:54:19.700+0000] {logging_mixin.py:188} INFO - [2025-10-28T23:54:19.700+0000] {dagbag.py:538} INFO - Filling up the DagBag from /opt/airflow/dags/dag2_elastic_gcs_ingestion.py
[2025-10-28T23:54:19.879+0000] {processor.py:840} INFO - DAG(s) 'dag2_elastic_gcs_ingestion' retrieved from /opt/airflow/dags/dag2_elastic_gcs_ingestion.py
[2025-10-28T23:54:19.961+0000] {logging_mixin.py:188} INFO - [2025-10-28T23:54:19.960+0000] {dag.py:3036} INFO - Sync 1 DAGs
[2025-10-28T23:54:20.001+0000] {logging_mixin.py:188} INFO - [2025-10-28T23:54:20.001+0000] {dag.py:3823} INFO - Setting next_dagrun for dag2_elastic_gcs_ingestion to 2025-10-28 23:53:00+00:00, run_after=2025-10-28 23:54:00+00:00
[2025-10-28T23:54:20.031+0000] {processor.py:183} INFO - Processing /opt/airflow/dags/dag2_elastic_gcs_ingestion.py took 0.343 seconds
[2025-10-28T23:54:50.256+0000] {processor.py:161} INFO - Started process (PID=389) to work on /opt/airflow/dags/dag2_elastic_gcs_ingestion.py
[2025-10-28T23:54:50.257+0000] {processor.py:830} INFO - Processing file /opt/airflow/dags/dag2_elastic_gcs_ingestion.py for tasks to queue
[2025-10-28T23:54:50.259+0000] {logging_mixin.py:188} INFO - [2025-10-28T23:54:50.258+0000] {dagbag.py:538} INFO - Filling up the DagBag from /opt/airflow/dags/dag2_elastic_gcs_ingestion.py
[2025-10-28T23:54:50.410+0000] {processor.py:840} INFO - DAG(s) 'dag2_elastic_gcs_ingestion' retrieved from /opt/airflow/dags/dag2_elastic_gcs_ingestion.py
[2025-10-28T23:54:50.449+0000] {logging_mixin.py:188} INFO - [2025-10-28T23:54:50.448+0000] {dag.py:3036} INFO - Sync 1 DAGs
[2025-10-28T23:54:50.707+0000] {logging_mixin.py:188} INFO - [2025-10-28T23:54:50.706+0000] {dag.py:3823} INFO - Setting next_dagrun for dag2_elastic_gcs_ingestion to 2025-10-28 23:53:00+00:00, run_after=2025-10-28 23:54:00+00:00
[2025-10-28T23:54:50.726+0000] {processor.py:183} INFO - Processing /opt/airflow/dags/dag2_elastic_gcs_ingestion.py took 0.474 seconds
[2025-10-28T23:55:21.002+0000] {processor.py:161} INFO - Started process (PID=402) to work on /opt/airflow/dags/dag2_elastic_gcs_ingestion.py
[2025-10-28T23:55:21.004+0000] {processor.py:830} INFO - Processing file /opt/airflow/dags/dag2_elastic_gcs_ingestion.py for tasks to queue
[2025-10-28T23:55:21.005+0000] {logging_mixin.py:188} INFO - [2025-10-28T23:55:21.005+0000] {dagbag.py:538} INFO - Filling up the DagBag from /opt/airflow/dags/dag2_elastic_gcs_ingestion.py
[2025-10-28T23:55:21.149+0000] {processor.py:840} INFO - DAG(s) 'dag2_elastic_gcs_ingestion' retrieved from /opt/airflow/dags/dag2_elastic_gcs_ingestion.py
[2025-10-28T23:55:21.192+0000] {logging_mixin.py:188} INFO - [2025-10-28T23:55:21.192+0000] {dag.py:3036} INFO - Sync 1 DAGs
[2025-10-28T23:55:21.426+0000] {logging_mixin.py:188} INFO - [2025-10-28T23:55:21.425+0000] {dag.py:3823} INFO - Setting next_dagrun for dag2_elastic_gcs_ingestion to 2025-10-28 23:54:00+00:00, run_after=2025-10-28 23:55:00+00:00
[2025-10-28T23:55:21.450+0000] {processor.py:183} INFO - Processing /opt/airflow/dags/dag2_elastic_gcs_ingestion.py took 0.455 seconds
[2025-10-28T23:55:51.724+0000] {processor.py:161} INFO - Started process (PID=416) to work on /opt/airflow/dags/dag2_elastic_gcs_ingestion.py
[2025-10-28T23:55:51.725+0000] {processor.py:830} INFO - Processing file /opt/airflow/dags/dag2_elastic_gcs_ingestion.py for tasks to queue
[2025-10-28T23:55:51.726+0000] {logging_mixin.py:188} INFO - [2025-10-28T23:55:51.726+0000] {dagbag.py:538} INFO - Filling up the DagBag from /opt/airflow/dags/dag2_elastic_gcs_ingestion.py
[2025-10-28T23:55:51.863+0000] {processor.py:840} INFO - DAG(s) 'dag2_elastic_gcs_ingestion' retrieved from /opt/airflow/dags/dag2_elastic_gcs_ingestion.py
[2025-10-28T23:55:51.898+0000] {logging_mixin.py:188} INFO - [2025-10-28T23:55:51.898+0000] {dag.py:3036} INFO - Sync 1 DAGs
[2025-10-28T23:55:51.932+0000] {logging_mixin.py:188} INFO - [2025-10-28T23:55:51.931+0000] {dag.py:3823} INFO - Setting next_dagrun for dag2_elastic_gcs_ingestion to 2025-10-28 23:54:00+00:00, run_after=2025-10-28 23:55:00+00:00
[2025-10-28T23:55:51.957+0000] {processor.py:183} INFO - Processing /opt/airflow/dags/dag2_elastic_gcs_ingestion.py took 0.237 seconds
[2025-10-28T23:56:22.227+0000] {processor.py:161} INFO - Started process (PID=429) to work on /opt/airflow/dags/dag2_elastic_gcs_ingestion.py
[2025-10-28T23:56:22.229+0000] {processor.py:830} INFO - Processing file /opt/airflow/dags/dag2_elastic_gcs_ingestion.py for tasks to queue
[2025-10-28T23:56:22.231+0000] {logging_mixin.py:188} INFO - [2025-10-28T23:56:22.230+0000] {dagbag.py:538} INFO - Filling up the DagBag from /opt/airflow/dags/dag2_elastic_gcs_ingestion.py
[2025-10-28T23:56:22.378+0000] {processor.py:840} INFO - DAG(s) 'dag2_elastic_gcs_ingestion' retrieved from /opt/airflow/dags/dag2_elastic_gcs_ingestion.py
[2025-10-28T23:56:22.413+0000] {logging_mixin.py:188} INFO - [2025-10-28T23:56:22.413+0000] {dag.py:3036} INFO - Sync 1 DAGs
[2025-10-28T23:56:22.649+0000] {logging_mixin.py:188} INFO - [2025-10-28T23:56:22.648+0000] {dag.py:3823} INFO - Setting next_dagrun for dag2_elastic_gcs_ingestion to 2025-10-28 23:55:00+00:00, run_after=2025-10-28 23:56:00+00:00
[2025-10-28T23:56:22.681+0000] {processor.py:183} INFO - Processing /opt/airflow/dags/dag2_elastic_gcs_ingestion.py took 0.460 seconds
[2025-10-28T23:56:52.992+0000] {processor.py:161} INFO - Started process (PID=443) to work on /opt/airflow/dags/dag2_elastic_gcs_ingestion.py
[2025-10-28T23:56:52.994+0000] {processor.py:830} INFO - Processing file /opt/airflow/dags/dag2_elastic_gcs_ingestion.py for tasks to queue
[2025-10-28T23:56:52.995+0000] {logging_mixin.py:188} INFO - [2025-10-28T23:56:52.995+0000] {dagbag.py:538} INFO - Filling up the DagBag from /opt/airflow/dags/dag2_elastic_gcs_ingestion.py
[2025-10-28T23:56:53.119+0000] {processor.py:840} INFO - DAG(s) 'dag2_elastic_gcs_ingestion' retrieved from /opt/airflow/dags/dag2_elastic_gcs_ingestion.py
[2025-10-28T23:56:53.154+0000] {logging_mixin.py:188} INFO - [2025-10-28T23:56:53.153+0000] {dag.py:3036} INFO - Sync 1 DAGs
[2025-10-28T23:56:53.349+0000] {logging_mixin.py:188} INFO - [2025-10-28T23:56:53.349+0000] {dag.py:3823} INFO - Setting next_dagrun for dag2_elastic_gcs_ingestion to 2025-10-28 23:55:00+00:00, run_after=2025-10-28 23:56:00+00:00
[2025-10-28T23:56:53.370+0000] {processor.py:183} INFO - Processing /opt/airflow/dags/dag2_elastic_gcs_ingestion.py took 0.382 seconds
[2025-10-28T23:57:23.637+0000] {processor.py:161} INFO - Started process (PID=456) to work on /opt/airflow/dags/dag2_elastic_gcs_ingestion.py
[2025-10-28T23:57:23.638+0000] {processor.py:830} INFO - Processing file /opt/airflow/dags/dag2_elastic_gcs_ingestion.py for tasks to queue
[2025-10-28T23:57:23.639+0000] {logging_mixin.py:188} INFO - [2025-10-28T23:57:23.639+0000] {dagbag.py:538} INFO - Filling up the DagBag from /opt/airflow/dags/dag2_elastic_gcs_ingestion.py
[2025-10-28T23:57:23.763+0000] {processor.py:840} INFO - DAG(s) 'dag2_elastic_gcs_ingestion' retrieved from /opt/airflow/dags/dag2_elastic_gcs_ingestion.py
[2025-10-28T23:57:23.801+0000] {logging_mixin.py:188} INFO - [2025-10-28T23:57:23.800+0000] {dag.py:3036} INFO - Sync 1 DAGs
[2025-10-28T23:57:23.827+0000] {logging_mixin.py:188} INFO - [2025-10-28T23:57:23.827+0000] {dag.py:3823} INFO - Setting next_dagrun for dag2_elastic_gcs_ingestion to 2025-10-28 23:56:00+00:00, run_after=2025-10-28 23:57:00+00:00
[2025-10-28T23:57:23.847+0000] {processor.py:183} INFO - Processing /opt/airflow/dags/dag2_elastic_gcs_ingestion.py took 0.214 seconds
[2025-10-28T23:57:54.104+0000] {processor.py:161} INFO - Started process (PID=470) to work on /opt/airflow/dags/dag2_elastic_gcs_ingestion.py
[2025-10-28T23:57:54.105+0000] {processor.py:830} INFO - Processing file /opt/airflow/dags/dag2_elastic_gcs_ingestion.py for tasks to queue
[2025-10-28T23:57:54.106+0000] {logging_mixin.py:188} INFO - [2025-10-28T23:57:54.106+0000] {dagbag.py:538} INFO - Filling up the DagBag from /opt/airflow/dags/dag2_elastic_gcs_ingestion.py
[2025-10-28T23:57:54.220+0000] {processor.py:840} INFO - DAG(s) 'dag2_elastic_gcs_ingestion' retrieved from /opt/airflow/dags/dag2_elastic_gcs_ingestion.py
[2025-10-28T23:57:54.251+0000] {logging_mixin.py:188} INFO - [2025-10-28T23:57:54.251+0000] {dag.py:3036} INFO - Sync 1 DAGs
[2025-10-28T23:57:54.457+0000] {logging_mixin.py:188} INFO - [2025-10-28T23:57:54.456+0000] {dag.py:3823} INFO - Setting next_dagrun for dag2_elastic_gcs_ingestion to 2025-10-28 23:56:00+00:00, run_after=2025-10-28 23:57:00+00:00
[2025-10-28T23:57:54.475+0000] {processor.py:183} INFO - Processing /opt/airflow/dags/dag2_elastic_gcs_ingestion.py took 0.376 seconds
[2025-10-28T23:58:24.747+0000] {processor.py:161} INFO - Started process (PID=483) to work on /opt/airflow/dags/dag2_elastic_gcs_ingestion.py
[2025-10-28T23:58:24.749+0000] {processor.py:830} INFO - Processing file /opt/airflow/dags/dag2_elastic_gcs_ingestion.py for tasks to queue
[2025-10-28T23:58:24.750+0000] {logging_mixin.py:188} INFO - [2025-10-28T23:58:24.749+0000] {dagbag.py:538} INFO - Filling up the DagBag from /opt/airflow/dags/dag2_elastic_gcs_ingestion.py
[2025-10-28T23:58:24.883+0000] {processor.py:840} INFO - DAG(s) 'dag2_elastic_gcs_ingestion' retrieved from /opt/airflow/dags/dag2_elastic_gcs_ingestion.py
[2025-10-28T23:58:24.919+0000] {logging_mixin.py:188} INFO - [2025-10-28T23:58:24.919+0000] {dag.py:3036} INFO - Sync 1 DAGs
[2025-10-28T23:58:25.106+0000] {logging_mixin.py:188} INFO - [2025-10-28T23:58:25.105+0000] {dag.py:3823} INFO - Setting next_dagrun for dag2_elastic_gcs_ingestion to 2025-10-28 23:57:00+00:00, run_after=2025-10-28 23:58:00+00:00
[2025-10-28T23:58:25.128+0000] {processor.py:183} INFO - Processing /opt/airflow/dags/dag2_elastic_gcs_ingestion.py took 0.385 seconds
[2025-10-28T23:58:55.394+0000] {processor.py:161} INFO - Started process (PID=497) to work on /opt/airflow/dags/dag2_elastic_gcs_ingestion.py
[2025-10-28T23:58:55.395+0000] {processor.py:830} INFO - Processing file /opt/airflow/dags/dag2_elastic_gcs_ingestion.py for tasks to queue
[2025-10-28T23:58:55.396+0000] {logging_mixin.py:188} INFO - [2025-10-28T23:58:55.395+0000] {dagbag.py:538} INFO - Filling up the DagBag from /opt/airflow/dags/dag2_elastic_gcs_ingestion.py
[2025-10-28T23:58:55.509+0000] {processor.py:840} INFO - DAG(s) 'dag2_elastic_gcs_ingestion' retrieved from /opt/airflow/dags/dag2_elastic_gcs_ingestion.py
[2025-10-28T23:58:55.693+0000] {logging_mixin.py:188} INFO - [2025-10-28T23:58:55.692+0000] {dag.py:3036} INFO - Sync 1 DAGs
[2025-10-28T23:58:55.715+0000] {logging_mixin.py:188} INFO - [2025-10-28T23:58:55.715+0000] {dag.py:3823} INFO - Setting next_dagrun for dag2_elastic_gcs_ingestion to 2025-10-28 23:57:00+00:00, run_after=2025-10-28 23:58:00+00:00
[2025-10-28T23:58:55.736+0000] {processor.py:183} INFO - Processing /opt/airflow/dags/dag2_elastic_gcs_ingestion.py took 0.347 seconds
[2025-10-28T23:59:26.003+0000] {processor.py:161} INFO - Started process (PID=510) to work on /opt/airflow/dags/dag2_elastic_gcs_ingestion.py
[2025-10-28T23:59:26.004+0000] {processor.py:830} INFO - Processing file /opt/airflow/dags/dag2_elastic_gcs_ingestion.py for tasks to queue
[2025-10-28T23:59:26.005+0000] {logging_mixin.py:188} INFO - [2025-10-28T23:59:26.005+0000] {dagbag.py:538} INFO - Filling up the DagBag from /opt/airflow/dags/dag2_elastic_gcs_ingestion.py
[2025-10-28T23:59:26.202+0000] {processor.py:840} INFO - DAG(s) 'dag2_elastic_gcs_ingestion' retrieved from /opt/airflow/dags/dag2_elastic_gcs_ingestion.py
[2025-10-28T23:59:26.251+0000] {logging_mixin.py:188} INFO - [2025-10-28T23:59:26.250+0000] {dag.py:3036} INFO - Sync 1 DAGs
[2025-10-28T23:59:26.284+0000] {logging_mixin.py:188} INFO - [2025-10-28T23:59:26.283+0000] {dag.py:3823} INFO - Setting next_dagrun for dag2_elastic_gcs_ingestion to 2025-10-28 23:58:00+00:00, run_after=2025-10-28 23:59:00+00:00
[2025-10-28T23:59:26.509+0000] {processor.py:183} INFO - Processing /opt/airflow/dags/dag2_elastic_gcs_ingestion.py took 0.511 seconds
[2025-10-28T23:59:56.779+0000] {processor.py:161} INFO - Started process (PID=524) to work on /opt/airflow/dags/dag2_elastic_gcs_ingestion.py
[2025-10-28T23:59:56.780+0000] {processor.py:830} INFO - Processing file /opt/airflow/dags/dag2_elastic_gcs_ingestion.py for tasks to queue
[2025-10-28T23:59:56.782+0000] {logging_mixin.py:188} INFO - [2025-10-28T23:59:56.781+0000] {dagbag.py:538} INFO - Filling up the DagBag from /opt/airflow/dags/dag2_elastic_gcs_ingestion.py
[2025-10-28T23:59:56.899+0000] {processor.py:840} INFO - DAG(s) 'dag2_elastic_gcs_ingestion' retrieved from /opt/airflow/dags/dag2_elastic_gcs_ingestion.py
[2025-10-28T23:59:56.928+0000] {logging_mixin.py:188} INFO - [2025-10-28T23:59:56.928+0000] {dag.py:3036} INFO - Sync 1 DAGs
[2025-10-28T23:59:57.128+0000] {logging_mixin.py:188} INFO - [2025-10-28T23:59:57.128+0000] {dag.py:3823} INFO - Setting next_dagrun for dag2_elastic_gcs_ingestion to 2025-10-28 23:58:00+00:00, run_after=2025-10-28 23:59:00+00:00
[2025-10-28T23:59:57.149+0000] {processor.py:183} INFO - Processing /opt/airflow/dags/dag2_elastic_gcs_ingestion.py took 0.372 seconds
