[2025-10-29T17:27:05.955+0000] {taskinstance.py:1956} INFO - Dependencies all met for dep_context=non-requeueable deps ti=<TaskInstance: dag2_kafka_elastic_gcs.PutElasticSearch scheduled__2025-10-29T17:26:00+00:00 [queued]>
[2025-10-29T17:27:05.965+0000] {taskinstance.py:1956} INFO - Dependencies all met for dep_context=requeueable deps ti=<TaskInstance: dag2_kafka_elastic_gcs.PutElasticSearch scheduled__2025-10-29T17:26:00+00:00 [queued]>
[2025-10-29T17:27:05.966+0000] {taskinstance.py:2170} INFO - Starting attempt 1 of 1
[2025-10-29T17:27:05.982+0000] {taskinstance.py:2191} INFO - Executing <Task(_PythonDecoratedOperator): PutElasticSearch> on 2025-10-29 17:26:00+00:00
[2025-10-29T17:27:05.993+0000] {standard_task_runner.py:60} INFO - Started process 1944 to run task
[2025-10-29T17:27:05.999+0000] {standard_task_runner.py:87} INFO - Running: ['***', 'tasks', 'run', 'dag2_kafka_elastic_gcs', 'PutElasticSearch', 'scheduled__2025-10-29T17:26:00+00:00', '--job-id', '834', '--raw', '--subdir', 'DAGS_FOLDER/dag2_elastic_gcs_ingestion.py', '--cfg-path', '/tmp/tmpnoapqv1i']
[2025-10-29T17:27:06.003+0000] {standard_task_runner.py:88} INFO - Job 834: Subtask PutElasticSearch
[2025-10-29T17:27:06.091+0000] {task_command.py:423} INFO - Running <TaskInstance: dag2_kafka_elastic_gcs.PutElasticSearch scheduled__2025-10-29T17:26:00+00:00 [running]> on host 46f6cfd4d166
[2025-10-29T17:27:06.231+0000] {taskinstance.py:2480} INFO - Exporting env vars: AIRFLOW_CTX_DAG_OWNER='***' AIRFLOW_CTX_DAG_ID='dag2_kafka_elastic_gcs' AIRFLOW_CTX_TASK_ID='PutElasticSearch' AIRFLOW_CTX_EXECUTION_DATE='2025-10-29T17:26:00+00:00' AIRFLOW_CTX_TRY_NUMBER='1' AIRFLOW_CTX_DAG_RUN_ID='scheduled__2025-10-29T17:26:00+00:00'
[2025-10-29T17:27:06.239+0000] {warnings.py:109} WARNING - /home/***/.local/lib/python3.8/site-packages/***/operators/python.py:216: AirflowProviderDeprecationWarning: This class is deprecated.
            Please use `***.providers.elasticsearch.hooks.elasticsearch.ElasticsearchSQLHook`.
  return self.python_callable(*self.op_args, **self.op_kwargs)

[2025-10-29T17:27:06.241+0000] {crypto.py:82} WARNING - empty cryptography key - values will not be stored encrypted.
[2025-10-29T17:27:06.243+0000] {base.py:83} INFO - Using connection ID 'elasticsearch_default' for task execution.
[2025-10-29T17:27:06.549+0000] {_transport.py:335} INFO - HEAD http://clustersdaelatsic.eastus.cloudapp.azure.com:9200/taxi_rides [status:200 duration:0.301s]
[2025-10-29T17:27:06.666+0000] {_transport.py:335} INFO - POST http://clustersdaelatsic.eastus.cloudapp.azure.com:9200/taxi_rides/_doc [status:201 duration:0.115s]
[2025-10-29T17:27:06.667+0000] {dag2_elastic_gcs_ingestion.py:136} INFO - 📤 Donnée indexée dans 'taxi_rides': {'confort': 'standard', 'prix_base_per_km': 2, 'client_nom': 'FALL', 'driver_nom': 'DIOP', 'distance_km': 947.63, 'travel_cost': 1895.27, 'agent_timestamp': '2025-10-29T17:27:04.099783', 'client_location': {'lat': 48.88788877295766, 'lon': 2.375471605202055}, 'driver_location': {'lat': 40.41673791351537, 'lon': 3.6905723948788944}}
[2025-10-29T17:27:06.668+0000] {python.py:201} INFO - Done. Returned value was: None
[2025-10-29T17:27:06.683+0000] {taskinstance.py:1138} INFO - Marking task as SUCCESS. dag_id=dag2_kafka_elastic_gcs, task_id=PutElasticSearch, execution_date=20251029T172600, start_date=20251029T172705, end_date=20251029T172706
[2025-10-29T17:27:06.740+0000] {local_task_job_runner.py:234} INFO - Task exited with return code 0
[2025-10-29T17:27:06.767+0000] {taskinstance.py:3280} INFO - 0 downstream tasks scheduled from follow-on schedule check
